🎯 Target Domain: Healthcare_and_Medicine (모든 태스크)
🚀 도메인 'Healthcare_and_Medicine'의 그룹 진화 시작
📋 발견된 태스크들: ['Multimodal_Tasks.txt', 'Agent_Actions.txt', 'Information_Processing.txt', 'Code_Generation.txt', 'Decision_Support.txt', 'Classification_and_Categorization.txt', 'Image_Generation.txt', 'Text_Generation.txt', 'Analysis_and_Reasoning.txt', 'Communication.txt']

🎯 태스크 'Multimodal Tasks' 그룹 진화 시작
🚀 기존 archive에서 집단 기반 정책 셋 생성: Multimodal Tasks
  📊 기존 archive 크기: 52개 spec
  🎯 목표 그룹 크기: 10-20 (target: 5)
  📈 최고 점수: 74

🧬 기존 archive로부터 초기 집단 생성 중...
  🎲 랜덤 샘플링으로 4개 그룹 생성 (평균 크기: 13.0)
  ⚖️ 초기 집단 평가 중... (4개 그룹)
    그룹 1/4: 15개 spec 평가 중...
    그룹 2/4: 15개 spec 평가 중...
    그룹 3/4: 15개 spec 평가 중...
    그룹 4/4: 7개 spec 평가 중...
  📊 초기 그룹: 4개

🚀 Generation 1/5
============================================================
  🧬 선택된 부모 그룹: 4개
  🔄 교배 및 변이 중...
    🔍 필터링 결과: 15줄 → 15개 RFC2119 spec
  ➕ 그룹 변이: 새 spec 추가 (점수: 0)
    🔍 필터링 결과: 15줄 → 15개 RFC2119 spec
  ➕ 그룹 변이: 새 spec 추가 (점수: 0)
    🔍 필터링 결과: 15줄 → 15개 RFC2119 spec
  🔄 그룹 변이: spec 개선 (70 → 0)
  📊 새로운 후보 그룹: 4개
  ⚖️ 후보 그룹 평가 중...
    그룹 1/4: 16개 spec 평가 중...
    그룹 2/4: 16개 spec 평가 중...
    그룹 3/4: 7개 spec 평가 중...
    그룹 4/4: 15개 spec 평가 중...
  📊 Gen 0: best_score=93.0, archive_size=8

🚀 Generation 2/5
============================================================
  🧬 선택된 부모 그룹: 6개
  🔄 교배 및 변이 중...
    🔍 필터링 결과: 15줄 → 15개 RFC2119 spec
  ➕ 그룹 변이: 새 spec 추가 (점수: 0)
    🔍 필터링 결과: 15줄 → 15개 RFC2119 spec
  ➕ 그룹 변이: 새 spec 추가 (점수: 0)
    🔍 필터링 결과: 15줄 → 15개 RFC2119 spec
  ➕ 그룹 변이: 새 spec 추가 (점수: 0)
  📊 새로운 후보 그룹: 6개
  ⚖️ 후보 그룹 평가 중...
    그룹 1/6: 8개 spec 평가 중...
    그룹 2/6: 17개 spec 평가 중...
    그룹 3/6: 7개 spec 평가 중...
    그룹 4/6: 15개 spec 평가 중...
    그룹 5/6: 17개 spec 평가 중...
    그룹 6/6: 15개 spec 평가 중...
  📊 Gen 1: best_score=93.0, archive_size=14

🚀 Generation 3/5
============================================================
  🧬 선택된 부모 그룹: 6개
  🔄 교배 및 변이 중...
    🔍 필터링 결과: 15줄 → 15개 RFC2119 spec
  ➕ 그룹 변이: 새 spec 추가 (점수: 0)
    🔍 필터링 결과: 15줄 → 15개 RFC2119 spec
  🔄 그룹 변이: spec 개선 (0 → 0)
    🔍 필터링 결과: 15줄 → 15개 RFC2119 spec
  🔄 그룹 변이: spec 개선 (70 → 0)
    🔍 필터링 결과: 15줄 → 15개 RFC2119 spec
  ➕ 그룹 변이: 새 spec 추가 (점수: 0)
  📊 새로운 후보 그룹: 6개
  ⚖️ 후보 그룹 평가 중...
    그룹 1/6: 17개 spec 평가 중...
    그룹 2/6: 16개 spec 평가 중...
    그룹 3/6: 16개 spec 평가 중...
    그룹 4/6: 7개 spec 평가 중...
    그룹 5/6: 15개 spec 평가 중...
    그룹 6/6: 16개 spec 평가 중...
  📊 Gen 2: best_score=93.0, archive_size=20

🚀 Generation 4/5
============================================================
  🧬 선택된 부모 그룹: 6개
  🔄 교배 및 변이 중...
    🔍 필터링 결과: 15줄 → 15개 RFC2119 spec
  🔄 그룹 변이: spec 개선 (0 → 0)
    🔍 필터링 결과: 15줄 → 15개 RFC2119 spec
  🔄 그룹 변이: spec 개선 (0 → 0)
  📊 새로운 후보 그룹: 6개
  ⚖️ 후보 그룹 평가 중...
    그룹 1/6: 16개 spec 평가 중...
    그룹 2/6: 16개 spec 평가 중...
    그룹 3/6: 15개 spec 평가 중...
    그룹 4/6: 7개 spec 평가 중...
    그룹 5/6: 16개 spec 평가 중...
    그룹 6/6: 7개 spec 평가 중...
  📊 Gen 3: best_score=93.0, archive_size=26

🚀 Generation 5/5
============================================================
  🧬 선택된 부모 그룹: 6개
  🔄 교배 및 변이 중...
  📊 새로운 후보 그룹: 6개
  ⚖️ 후보 그룹 평가 중...
    그룹 1/6: 16개 spec 평가 중...
    그룹 2/6: 16개 spec 평가 중...
    그룹 3/6: 7개 spec 평가 중...
    그룹 4/6: 15개 spec 평가 중...
    그룹 5/6: 15개 spec 평가 중...
    그룹 6/6: 15개 spec 평가 중...
  📊 Gen 4: best_score=93.0, archive_size=32

✅ 집단 진화 완료! 결과: final_spec_ver1/Healthcare_and_Medicine/Multimodal_Tasks
  🏆 Multimodal Tasks 진화 완료! 총 32개 그룹 생성
     그룹 점수: 93/100
     그룹 크기: 15개 spec

🎯 태스크 'Agent Actions' 그룹 진화 시작
🚀 기존 archive에서 집단 기반 정책 셋 생성: Agent Actions
  📊 기존 archive 크기: 41개 spec
  🎯 목표 그룹 크기: 10-20 (target: 5)
  📈 최고 점수: 82

🧬 기존 archive로부터 초기 집단 생성 중...
  🎲 랜덤 샘플링으로 3개 그룹 생성 (평균 크기: 13.7)
  ⚖️ 초기 집단 평가 중... (3개 그룹)
    그룹 1/3: 18개 spec 평가 중...
    그룹 2/3: 18개 spec 평가 중...
    그룹 3/3: 5개 spec 평가 중...
  📊 초기 그룹: 3개

🚀 Generation 1/5
============================================================
  🧬 선택된 부모 그룹: 3개
  🔄 교배 및 변이 중...
  📊 새로운 후보 그룹: 4개
  ⚖️ 후보 그룹 평가 중...
    그룹 1/4: 18개 spec 평가 중...
    그룹 2/4: 5개 spec 평가 중...
    그룹 3/4: 18개 spec 평가 중...
    그룹 4/4: 18개 spec 평가 중...
  📊 Gen 0: best_score=94.0, archive_size=7

🚀 Generation 2/5
============================================================
  🧬 선택된 부모 그룹: 6개
  🔄 교배 및 변이 중...
    🔍 필터링 결과: 15줄 → 15개 RFC2119 spec
  ➕ 그룹 변이: 새 spec 추가 (점수: 0)
    🔍 필터링 결과: 15줄 → 15개 RFC2119 spec
  ➕ 그룹 변이: 새 spec 추가 (점수: 0)
    🔍 필터링 결과: 15줄 → 15개 RFC2119 spec
  ➕ 그룹 변이: 새 spec 추가 (점수: 0)
  📊 새로운 후보 그룹: 6개
  ⚖️ 후보 그룹 평가 중...
    그룹 1/6: 19개 spec 평가 중...
    그룹 2/6: 18개 spec 평가 중...
    그룹 3/6: 5개 spec 평가 중...
    그룹 4/6: 6개 spec 평가 중...
    그룹 5/6: 18개 spec 평가 중...
    그룹 6/6: 19개 spec 평가 중...
  📊 Gen 1: best_score=94.0, archive_size=13

🚀 Generation 3/5
============================================================
  🧬 선택된 부모 그룹: 6개
  🔄 교배 및 변이 중...
    🔍 필터링 결과: 15줄 → 15개 RFC2119 spec
  ➕ 그룹 변이: 새 spec 추가 (점수: 0)
    🔍 필터링 결과: 15줄 → 15개 RFC2119 spec
  🔄 그룹 변이: spec 개선 (73 → 0)
    🔍 필터링 결과: 15줄 → 15개 RFC2119 spec
  ➕ 그룹 변이: 새 spec 추가 (점수: 0)
  📊 새로운 후보 그룹: 6개
  ⚖️ 후보 그룹 평가 중...
    그룹 1/6: 19개 spec 평가 중...
    그룹 2/6: 18개 spec 평가 중...
    그룹 3/6: 18개 spec 평가 중...
    그룹 4/6: 6개 spec 평가 중...
    그룹 5/6: 18개 spec 평가 중...
    그룹 6/6: 7개 spec 평가 중...
  📊 Gen 2: best_score=94.0, archive_size=19

🚀 Generation 4/5
============================================================
  🧬 선택된 부모 그룹: 6개
  🔄 교배 및 변이 중...
    🔍 필터링 결과: 15줄 → 15개 RFC2119 spec
  ➕ 그룹 변이: 새 spec 추가 (점수: 0)
  📊 새로운 후보 그룹: 6개
  ⚖️ 후보 그룹 평가 중...
    그룹 1/6: 18개 spec 평가 중...
    그룹 2/6: 19개 spec 평가 중...
    그룹 3/6: 18개 spec 평가 중...
    그룹 4/6: 19개 spec 평가 중...
    그룹 5/6: 18개 spec 평가 중...
    그룹 6/6: 19개 spec 평가 중...
  📊 Gen 3: best_score=94.0, archive_size=25

🚀 Generation 5/5
============================================================
  🧬 선택된 부모 그룹: 6개
  🔄 교배 및 변이 중...
    🔍 필터링 결과: 15줄 → 15개 RFC2119 spec
  ➕ 그룹 변이: 새 spec 추가 (점수: 0)
    🔍 필터링 결과: 15줄 → 15개 RFC2119 spec
  ➕ 그룹 변이: 새 spec 추가 (점수: 0)
    🔍 필터링 결과: 15줄 → 15개 RFC2119 spec
  ➕ 그룹 변이: 새 spec 추가 (점수: 0)
  📊 새로운 후보 그룹: 6개
  ⚖️ 후보 그룹 평가 중...
    그룹 1/6: 8개 spec 평가 중...
    그룹 2/6: 19개 spec 평가 중...
    그룹 3/6: 18개 spec 평가 중...
    그룹 4/6: 20개 spec 평가 중...
    그룹 5/6: 6개 spec 평가 중...
    그룹 6/6: 18개 spec 평가 중...
  📊 Gen 4: best_score=94.0, archive_size=31

✅ 집단 진화 완료! 결과: final_spec_ver1/Healthcare_and_Medicine/Agent_Actions
  🏆 Agent Actions 진화 완료! 총 31개 그룹 생성
     그룹 점수: 94/100
     그룹 크기: 5개 spec

🎯 태스크 'Information Processing' 그룹 진화 시작
🚀 기존 archive에서 집단 기반 정책 셋 생성: Information Processing
  📊 기존 archive 크기: 57개 spec
  🎯 목표 그룹 크기: 10-20 (target: 5)
  📈 최고 점수: 81

🧬 기존 archive로부터 초기 집단 생성 중...
  🎲 랜덤 샘플링으로 3개 그룹 생성 (평균 크기: 19.0)
  ⚖️ 초기 집단 평가 중... (3개 그룹)
    그룹 1/3: 20개 spec 평가 중...
    그룹 2/3: 20개 spec 평가 중...
    그룹 3/3: 17개 spec 평가 중...
  📊 초기 그룹: 3개

🚀 Generation 1/5
============================================================
  🧬 선택된 부모 그룹: 3개
  🔄 교배 및 변이 중...
    🔍 필터링 결과: 14줄 → 14개 RFC2119 spec
  🔄 그룹 변이: spec 개선 (63 → 0)
  📊 새로운 후보 그룹: 4개
  ⚖️ 후보 그룹 평가 중...
    그룹 1/4: 17개 spec 평가 중...
    그룹 2/4: 20개 spec 평가 중...
    그룹 3/4: 20개 spec 평가 중...
    그룹 4/4: 17개 spec 평가 중...
  📊 Gen 0: best_score=93.0, archive_size=7

🚀 Generation 2/5
============================================================
  🧬 선택된 부모 그룹: 6개
  🔄 교배 및 변이 중...
    🔍 필터링 결과: 15줄 → 15개 RFC2119 spec
  🔄 그룹 변이: spec 개선 (0 → 0)
    🔍 필터링 결과: 15줄 → 15개 RFC2119 spec
  ➕ 그룹 변이: 새 spec 추가 (점수: 0)
    🔍 필터링 결과: 15줄 → 15개 RFC2119 spec
  ➕ 그룹 변이: 새 spec 추가 (점수: 0)
    🔍 필터링 결과: 15줄 → 15개 RFC2119 spec
  🔄 그룹 변이: spec 개선 (65 → 0)
  📊 새로운 후보 그룹: 6개
  ⚖️ 후보 그룹 평가 중...
    그룹 1/6: 20개 spec 평가 중...
    그룹 2/6: 18개 spec 평가 중...
    그룹 3/6: 18개 spec 평가 중...
    그룹 4/6: 20개 spec 평가 중...
    그룹 5/6: 17개 spec 평가 중...
    그룹 6/6: 20개 spec 평가 중...
  📊 Gen 1: best_score=93.0, archive_size=13

🚀 Generation 3/5
============================================================
  🧬 선택된 부모 그룹: 6개
  🔄 교배 및 변이 중...
    🔍 필터링 결과: 15줄 → 15개 RFC2119 spec
  🔄 그룹 변이: spec 개선 (63 → 0)
    🔍 필터링 결과: 15줄 → 15개 RFC2119 spec
  🔄 그룹 변이: spec 개선 (63 → 0)
  📊 새로운 후보 그룹: 6개
  ⚖️ 후보 그룹 평가 중...
    그룹 1/6: 20개 spec 평가 중...
    그룹 2/6: 20개 spec 평가 중...
    그룹 3/6: 17개 spec 평가 중...
    그룹 4/6: 20개 spec 평가 중...
    그룹 5/6: 20개 spec 평가 중...
    그룹 6/6: 18개 spec 평가 중...
  📊 Gen 2: best_score=93.0, archive_size=19

🚀 Generation 4/5
============================================================
  🧬 선택된 부모 그룹: 6개
  🔄 교배 및 변이 중...
    🔍 필터링 결과: 15줄 → 15개 RFC2119 spec
  🔄 그룹 변이: spec 개선 (65 → 0)
    🔍 필터링 결과: 15줄 → 15개 RFC2119 spec
  🔄 그룹 변이: spec 개선 (0 → 0)
  📊 새로운 후보 그룹: 6개
  ⚖️ 후보 그룹 평가 중...
    그룹 1/6: 20개 spec 평가 중...
    그룹 2/6: 20개 spec 평가 중...
    그룹 3/6: 18개 spec 평가 중...
    그룹 4/6: 20개 spec 평가 중...
    그룹 5/6: 20개 spec 평가 중...
    그룹 6/6: 20개 spec 평가 중...
  📊 Gen 3: best_score=93.0, archive_size=25

🚀 Generation 5/5
============================================================
  🧬 선택된 부모 그룹: 6개
  🔄 교배 및 변이 중...
    🔍 필터링 결과: 15줄 → 15개 RFC2119 spec
  🔄 그룹 변이: spec 개선 (65 → 0)
    🔍 필터링 결과: 15줄 → 15개 RFC2119 spec
  ➕ 그룹 변이: 새 spec 추가 (점수: 0)
    🔍 필터링 결과: 15줄 → 15개 RFC2119 spec
  🔄 그룹 변이: spec 개선 (0 → 0)
  📊 새로운 후보 그룹: 6개
  ⚖️ 후보 그룹 평가 중...
    그룹 1/6: 20개 spec 평가 중...
    그룹 2/6: 18개 spec 평가 중...
    그룹 3/6: 20개 spec 평가 중...
    그룹 4/6: 20개 spec 평가 중...
    그룹 5/6: 18개 spec 평가 중...
    그룹 6/6: 20개 spec 평가 중...
  📊 Gen 4: best_score=93.0, archive_size=31

✅ 집단 진화 완료! 결과: final_spec_ver1/Healthcare_and_Medicine/Information_Processing
  🏆 Information Processing 진화 완료! 총 31개 그룹 생성
     그룹 점수: 93/100
     그룹 크기: 20개 spec

🎯 태스크 'Code Generation' 그룹 진화 시작
🚀 기존 archive에서 집단 기반 정책 셋 생성: Code Generation
  📊 기존 archive 크기: 38개 spec
  🎯 목표 그룹 크기: 10-20 (target: 5)
  📈 최고 점수: 79

🧬 기존 archive로부터 초기 집단 생성 중...
  🎲 랜덤 샘플링으로 3개 그룹 생성 (평균 크기: 12.7)
  ⚖️ 초기 집단 평가 중... (3개 그룹)
    그룹 1/3: 16개 spec 평가 중...
    그룹 2/3: 16개 spec 평가 중...
    그룹 3/3: 6개 spec 평가 중...
  📊 초기 그룹: 3개

🚀 Generation 1/5
============================================================
  🧬 선택된 부모 그룹: 3개
  🔄 교배 및 변이 중...
  📊 새로운 후보 그룹: 4개
  ⚖️ 후보 그룹 평가 중...
    그룹 1/4: 16개 spec 평가 중...
    그룹 2/4: 6개 spec 평가 중...
    그룹 3/4: 16개 spec 평가 중...
    그룹 4/4: 16개 spec 평가 중...
  📊 Gen 0: best_score=93.0, archive_size=7

🚀 Generation 2/5
============================================================
  🧬 선택된 부모 그룹: 6개
  🔄 교배 및 변이 중...
  📊 새로운 후보 그룹: 6개
  ⚖️ 후보 그룹 평가 중...
    그룹 1/6: 16개 spec 평가 중...
    그룹 2/6: 16개 spec 평가 중...
    그룹 3/6: 6개 spec 평가 중...
    그룹 4/6: 16개 spec 평가 중...
    그룹 5/6: 16개 spec 평가 중...
    그룹 6/6: 16개 spec 평가 중...
  📊 Gen 1: best_score=93.0, archive_size=13

🚀 Generation 3/5
============================================================
  🧬 선택된 부모 그룹: 6개
  🔄 교배 및 변이 중...
    🔍 필터링 결과: 15줄 → 15개 RFC2119 spec
  ➕ 그룹 변이: 새 spec 추가 (점수: 0)
    🔍 필터링 결과: 15줄 → 15개 RFC2119 spec
  ➕ 그룹 변이: 새 spec 추가 (점수: 0)
  📊 새로운 후보 그룹: 6개
  ⚖️ 후보 그룹 평가 중...
    그룹 1/6: 16개 spec 평가 중...
    그룹 2/6: 6개 spec 평가 중...
    그룹 3/6: 16개 spec 평가 중...
    그룹 4/6: 7개 spec 평가 중...
    그룹 5/6: 6개 spec 평가 중...
    그룹 6/6: 17개 spec 평가 중...
  📊 Gen 2: best_score=94.0, archive_size=19

🚀 Generation 4/5
============================================================
  🧬 선택된 부모 그룹: 6개
  🔄 교배 및 변이 중...
    🔍 필터링 결과: 15줄 → 15개 RFC2119 spec
  ➕ 그룹 변이: 새 spec 추가 (점수: 0)
    🔍 필터링 결과: 15줄 → 15개 RFC2119 spec
  ➕ 그룹 변이: 새 spec 추가 (점수: 0)
    🔍 필터링 결과: 15줄 → 15개 RFC2119 spec
  ➕ 그룹 변이: 새 spec 추가 (점수: 0)
  📊 새로운 후보 그룹: 6개
  ⚖️ 후보 그룹 평가 중...
    그룹 1/6: 16개 spec 평가 중...
    그룹 2/6: 17개 spec 평가 중...
    그룹 3/6: 17개 spec 평가 중...
    그룹 4/6: 6개 spec 평가 중...
    그룹 5/6: 17개 spec 평가 중...
    그룹 6/6: 6개 spec 평가 중...
  📊 Gen 3: best_score=94.0, archive_size=25

🚀 Generation 5/5
============================================================
  🧬 선택된 부모 그룹: 6개
  🔄 교배 및 변이 중...
    🔍 필터링 결과: 15줄 → 15개 RFC2119 spec
  ➕ 그룹 변이: 새 spec 추가 (점수: 0)
    🔍 필터링 결과: 15줄 → 15개 RFC2119 spec
  ➕ 그룹 변이: 새 spec 추가 (점수: 0)
  📊 새로운 후보 그룹: 6개
  ⚖️ 후보 그룹 평가 중...
    그룹 1/6: 7개 spec 평가 중...
    그룹 2/6: 16개 spec 평가 중...
    그룹 3/6: 18개 spec 평가 중...
    그룹 4/6: 6개 spec 평가 중...
    그룹 5/6: 17개 spec 평가 중...
    그룹 6/6: 16개 spec 평가 중...
  📊 Gen 4: best_score=94.0, archive_size=31

✅ 집단 진화 완료! 결과: final_spec_ver1/Healthcare_and_Medicine/Code_Generation
  🏆 Code Generation 진화 완료! 총 31개 그룹 생성
     그룹 점수: 94/100
     그룹 크기: 7개 spec

🎯 태스크 'Decision Support' 그룹 진화 시작
🚀 기존 archive에서 집단 기반 정책 셋 생성: Decision Support
  📊 기존 archive 크기: 40개 spec
  🎯 목표 그룹 크기: 10-20 (target: 5)
  📈 최고 점수: 84

🧬 기존 archive로부터 초기 집단 생성 중...
  🎲 랜덤 샘플링으로 2개 그룹 생성 (평균 크기: 20.0)
  ⚖️ 초기 집단 평가 중... (2개 그룹)
    그룹 1/2: 20개 spec 평가 중...
    그룹 2/2: 20개 spec 평가 중...
  📊 초기 그룹: 2개

🚀 Generation 1/5
============================================================
  🧬 선택된 부모 그룹: 2개
  🔄 교배 및 변이 중...
    🔍 필터링 결과: 15줄 → 15개 RFC2119 spec
  🔄 그룹 변이: spec 개선 (66 → 0)
  📊 새로운 후보 그룹: 2개
  ⚖️ 후보 그룹 평가 중...
    그룹 1/2: 20개 spec 평가 중...
    그룹 2/2: 20개 spec 평가 중...
  📊 Gen 0: best_score=93.0, archive_size=4

🚀 Generation 2/5
============================================================
  🧬 선택된 부모 그룹: 4개
  🔄 교배 및 변이 중...
    🔍 필터링 결과: 15줄 → 15개 RFC2119 spec
  🔄 그룹 변이: spec 개선 (68 → 0)
    🔍 필터링 결과: 15줄 → 15개 RFC2119 spec
  🔄 그룹 변이: spec 개선 (0 → 0)
  📊 새로운 후보 그룹: 4개
  ⚖️ 후보 그룹 평가 중...
    그룹 1/4: 20개 spec 평가 중...
    그룹 2/4: 20개 spec 평가 중...
    그룹 3/4: 20개 spec 평가 중...
    그룹 4/4: 20개 spec 평가 중...
  📊 Gen 1: best_score=94.0, archive_size=8

🚀 Generation 3/5
============================================================
  🧬 선택된 부모 그룹: 6개
  🔄 교배 및 변이 중...
    🔍 필터링 결과: 15줄 → 15개 RFC2119 spec
  🔄 그룹 변이: spec 개선 (76 → 0)
    🔍 필터링 결과: 15줄 → 15개 RFC2119 spec
  🔄 그룹 변이: spec 개선 (0 → 0)
  📊 새로운 후보 그룹: 6개
  ⚖️ 후보 그룹 평가 중...
    그룹 1/6: 20개 spec 평가 중...
    그룹 2/6: 20개 spec 평가 중...
    그룹 3/6: 20개 spec 평가 중...
    그룹 4/6: 20개 spec 평가 중...
    그룹 5/6: 20개 spec 평가 중...
    그룹 6/6: 20개 spec 평가 중...
  📊 Gen 2: best_score=94.0, archive_size=14

🚀 Generation 4/5
============================================================
  🧬 선택된 부모 그룹: 6개
  🔄 교배 및 변이 중...
    🔍 필터링 결과: 15줄 → 15개 RFC2119 spec
  🔄 그룹 변이: spec 개선 (0 → 0)
    🔍 필터링 결과: 15줄 → 15개 RFC2119 spec
  🔄 그룹 변이: spec 개선 (66 → 0)
  📊 새로운 후보 그룹: 6개
  ⚖️ 후보 그룹 평가 중...
    그룹 1/6: 20개 spec 평가 중...
    그룹 2/6: 20개 spec 평가 중...
    그룹 3/6: 20개 spec 평가 중...
    그룹 4/6: 20개 spec 평가 중...
    그룹 5/6: 20개 spec 평가 중...
    그룹 6/6: 20개 spec 평가 중...
  📊 Gen 3: best_score=94.0, archive_size=20

🚀 Generation 5/5
============================================================
  🧬 선택된 부모 그룹: 6개
  🔄 교배 및 변이 중...
    🔍 필터링 결과: 15줄 → 15개 RFC2119 spec
  🔄 그룹 변이: spec 개선 (76 → 0)
    🔍 필터링 결과: 15줄 → 15개 RFC2119 spec
  🔄 그룹 변이: spec 개선 (66 → 0)
    🔍 필터링 결과: 13줄 → 13개 RFC2119 spec
  🔄 그룹 변이: spec 개선 (0 → 0)
    🔍 필터링 결과: 15줄 → 15개 RFC2119 spec
  🔄 그룹 변이: spec 개선 (76 → 0)
  📊 새로운 후보 그룹: 6개
  ⚖️ 후보 그룹 평가 중...
    그룹 1/6: 20개 spec 평가 중...
    그룹 2/6: 20개 spec 평가 중...
    그룹 3/6: 20개 spec 평가 중...
    그룹 4/6: 20개 spec 평가 중...
    그룹 5/6: 20개 spec 평가 중...
    그룹 6/6: 20개 spec 평가 중...
  📊 Gen 4: best_score=94.0, archive_size=26

✅ 집단 진화 완료! 결과: final_spec_ver1/Healthcare_and_Medicine/Decision_Support
  🏆 Decision Support 진화 완료! 총 26개 그룹 생성
     그룹 점수: 94/100
     그룹 크기: 20개 spec

🎯 태스크 'Classification & Categorization' 그룹 진화 시작
🚀 기존 archive에서 집단 기반 정책 셋 생성: Classification & Categorization
  📊 기존 archive 크기: 47개 spec
  🎯 목표 그룹 크기: 10-20 (target: 5)
  📈 최고 점수: 81

🧬 기존 archive로부터 초기 집단 생성 중...
  🎲 랜덤 샘플링으로 3개 그룹 생성 (평균 크기: 15.7)
  ⚖️ 초기 집단 평가 중... (3개 그룹)
    그룹 1/3: 16개 spec 평가 중...
    그룹 2/3: 16개 spec 평가 중...
    그룹 3/3: 15개 spec 평가 중...
  📊 초기 그룹: 3개

🚀 Generation 1/5
============================================================
  🧬 선택된 부모 그룹: 3개
  🔄 교배 및 변이 중...
    🔍 필터링 결과: 15줄 → 15개 RFC2119 spec
  ➕ 그룹 변이: 새 spec 추가 (점수: 0)
    🔍 필터링 결과: 15줄 → 15개 RFC2119 spec
  ➕ 그룹 변이: 새 spec 추가 (점수: 0)
  📊 새로운 후보 그룹: 4개
  ⚖️ 후보 그룹 평가 중...
    그룹 1/4: 16개 spec 평가 중...
    그룹 2/4: 17개 spec 평가 중...
    그룹 3/4: 16개 spec 평가 중...
    그룹 4/4: 16개 spec 평가 중...
  📊 Gen 0: best_score=93.0, archive_size=7

🚀 Generation 2/5
============================================================
  🧬 선택된 부모 그룹: 6개
  🔄 교배 및 변이 중...
    🔍 필터링 결과: 15줄 → 15개 RFC2119 spec
  ➕ 그룹 변이: 새 spec 추가 (점수: 0)
    🔍 필터링 결과: 15줄 → 15개 RFC2119 spec
  ➕ 그룹 변이: 새 spec 추가 (점수: 0)
  📊 새로운 후보 그룹: 6개
  ⚖️ 후보 그룹 평가 중...
    그룹 1/6: 16개 spec 평가 중...
    그룹 2/6: 17개 spec 평가 중...
    그룹 3/6: 17개 spec 평가 중...
    그룹 4/6: 16개 spec 평가 중...
    그룹 5/6: 16개 spec 평가 중...
    그룹 6/6: 16개 spec 평가 중...
  📊 Gen 1: best_score=93.0, archive_size=13

🚀 Generation 3/5
============================================================
  🧬 선택된 부모 그룹: 6개
  🔄 교배 및 변이 중...
    🔍 필터링 결과: 15줄 → 15개 RFC2119 spec
  ➕ 그룹 변이: 새 spec 추가 (점수: 0)
    🔍 필터링 결과: 15줄 → 15개 RFC2119 spec
  ➕ 그룹 변이: 새 spec 추가 (점수: 0)
    🔍 필터링 결과: 15줄 → 15개 RFC2119 spec
  ➕ 그룹 변이: 새 spec 추가 (점수: 0)
    🔍 필터링 결과: 15줄 → 15개 RFC2119 spec
  ➕ 그룹 변이: 새 spec 추가 (점수: 0)
  📊 새로운 후보 그룹: 6개
  ⚖️ 후보 그룹 평가 중...
    그룹 1/6: 17개 spec 평가 중...
    그룹 2/6: 15개 spec 평가 중...
    그룹 3/6: 16개 spec 평가 중...
    그룹 4/6: 17개 spec 평가 중...
    그룹 5/6: 17개 spec 평가 중...
    그룹 6/6: 18개 spec 평가 중...
  📊 Gen 2: best_score=93.0, archive_size=19

🚀 Generation 4/5
============================================================
  🧬 선택된 부모 그룹: 6개
  🔄 교배 및 변이 중...
    🔍 필터링 결과: 15줄 → 15개 RFC2119 spec
  ➕ 그룹 변이: 새 spec 추가 (점수: 0)
    🔍 필터링 결과: 15줄 → 15개 RFC2119 spec
  ➕ 그룹 변이: 새 spec 추가 (점수: 0)
    🔍 필터링 결과: 15줄 → 15개 RFC2119 spec
  🔄 그룹 변이: spec 개선 (65 → 0)
  📊 새로운 후보 그룹: 6개
  ⚖️ 후보 그룹 평가 중...
    그룹 1/6: 17개 spec 평가 중...
    그룹 2/6: 18개 spec 평가 중...
    그룹 3/6: 16개 spec 평가 중...
    그룹 4/6: 15개 spec 평가 중...
    그룹 5/6: 17개 spec 평가 중...
    그룹 6/6: 17개 spec 평가 중...
  📊 Gen 3: best_score=93.0, archive_size=25

🚀 Generation 5/5
============================================================
  🧬 선택된 부모 그룹: 6개
  🔄 교배 및 변이 중...
    🔍 필터링 결과: 15줄 → 15개 RFC2119 spec
  🔄 그룹 변이: spec 개선 (0 → 0)
    🔍 필터링 결과: 15줄 → 15개 RFC2119 spec
  ➕ 그룹 변이: 새 spec 추가 (점수: 0)
  📊 새로운 후보 그룹: 6개
  ⚖️ 후보 그룹 평가 중...
    그룹 1/6: 16개 spec 평가 중...
    그룹 2/6: 17개 spec 평가 중...
    그룹 3/6: 17개 spec 평가 중...
    그룹 4/6: 17개 spec 평가 중...
    그룹 5/6: 16개 spec 평가 중...
    그룹 6/6: 16개 spec 평가 중...
  📊 Gen 4: best_score=93.0, archive_size=31

✅ 집단 진화 완료! 결과: final_spec_ver1/Healthcare_and_Medicine/Classification_and_Categorization
  🏆 Classification & Categorization 진화 완료! 총 31개 그룹 생성
     그룹 점수: 93/100
     그룹 크기: 16개 spec

🎯 태스크 'Image Generation' 그룹 진화 시작
🚀 기존 archive에서 집단 기반 정책 셋 생성: Image Generation
  📊 기존 archive 크기: 31개 spec
  🎯 목표 그룹 크기: 10-20 (target: 5)
  📈 최고 점수: 78

🧬 기존 archive로부터 초기 집단 생성 중...
  🎲 랜덤 샘플링으로 3개 그룹 생성 (평균 크기: 10.3)
  ⚖️ 초기 집단 평가 중... (3개 그룹)
    그룹 1/3: 15개 spec 평가 중...
    그룹 2/3: 15개 spec 평가 중...
    그룹 3/3: 1개 spec 평가 중...
  📊 초기 그룹: 3개

🚀 Generation 1/5
============================================================
  🧬 선택된 부모 그룹: 3개
  🔄 교배 및 변이 중...
    🔍 필터링 결과: 15줄 → 15개 RFC2119 spec
  ➕ 그룹 변이: 새 spec 추가 (점수: 0)
  📊 새로운 후보 그룹: 4개
  ⚖️ 후보 그룹 평가 중...
    그룹 1/4: 15개 spec 평가 중...
    그룹 2/4: 15개 spec 평가 중...
    그룹 3/4: 1개 spec 평가 중...
    그룹 4/4: 16개 spec 평가 중...
  📊 Gen 0: best_score=93.0, archive_size=7

🚀 Generation 2/5
============================================================
  🧬 선택된 부모 그룹: 6개
  🔄 교배 및 변이 중...
    🔍 필터링 결과: 15줄 → 15개 RFC2119 spec
  ➕ 그룹 변이: 새 spec 추가 (점수: 0)
    🔍 필터링 결과: 15줄 → 15개 RFC2119 spec
  ➕ 그룹 변이: 새 spec 추가 (점수: 0)
  📊 새로운 후보 그룹: 6개
  ⚖️ 후보 그룹 평가 중...
    그룹 1/6: 1개 spec 평가 중...
    그룹 2/6: 15개 spec 평가 중...
    그룹 3/6: 16개 spec 평가 중...
    그룹 4/6: 17개 spec 평가 중...
    그룹 5/6: 1개 spec 평가 중...
    그룹 6/6: 15개 spec 평가 중...
  📊 Gen 1: best_score=93.0, archive_size=13

🚀 Generation 3/5
============================================================
  🧬 선택된 부모 그룹: 6개
  🔄 교배 및 변이 중...
    🔍 필터링 결과: 15줄 → 15개 RFC2119 spec
  ➕ 그룹 변이: 새 spec 추가 (점수: 0)
    🔍 필터링 결과: 15줄 → 15개 RFC2119 spec
  ➕ 그룹 변이: 새 spec 추가 (점수: 0)
    🔍 필터링 결과: 15줄 → 15개 RFC2119 spec
  ➕ 그룹 변이: 새 spec 추가 (점수: 0)
    🔍 필터링 결과: 15줄 → 15개 RFC2119 spec
  ➕ 그룹 변이: 새 spec 추가 (점수: 0)
  📊 새로운 후보 그룹: 6개
  ⚖️ 후보 그룹 평가 중...
    그룹 1/6: 17개 spec 평가 중...
    그룹 2/6: 16개 spec 평가 중...
    그룹 3/6: 16개 spec 평가 중...
    그룹 4/6: 18개 spec 평가 중...
    그룹 5/6: 1개 spec 평가 중...
    그룹 6/6: 16개 spec 평가 중...
  📊 Gen 2: best_score=93.0, archive_size=19

🚀 Generation 4/5
============================================================
  🧬 선택된 부모 그룹: 6개
  🔄 교배 및 변이 중...
    🔍 필터링 결과: 15줄 → 15개 RFC2119 spec
  ➕ 그룹 변이: 새 spec 추가 (점수: 0)
  📊 새로운 후보 그룹: 6개
  ⚖️ 후보 그룹 평가 중...
    그룹 1/6: 15개 spec 평가 중...
    그룹 2/6: 17개 spec 평가 중...
    그룹 3/6: 1개 spec 평가 중...
    그룹 4/6: 16개 spec 평가 중...
    그룹 5/6: 1개 spec 평가 중...
    그룹 6/6: 18개 spec 평가 중...
  📊 Gen 3: best_score=93.0, archive_size=25

🚀 Generation 5/5
============================================================
  🧬 선택된 부모 그룹: 6개
  🔄 교배 및 변이 중...
    🔍 필터링 결과: 15줄 → 15개 RFC2119 spec
  🔄 그룹 변이: spec 개선 (79 → 0)
    🔍 필터링 결과: 15줄 → 15개 RFC2119 spec
  ➕ 그룹 변이: 새 spec 추가 (점수: 0)
    🔍 필터링 결과: 15줄 → 15개 RFC2119 spec
  ➕ 그룹 변이: 새 spec 추가 (점수: 0)
    🔍 필터링 결과: 15줄 → 15개 RFC2119 spec
  🔄 그룹 변이: spec 개선 (64 → 0)
  📊 새로운 후보 그룹: 6개
  ⚖️ 후보 그룹 평가 중...
    그룹 1/6: 1개 spec 평가 중...
    그룹 2/6: 16개 spec 평가 중...
    그룹 3/6: 16개 spec 평가 중...
    그룹 4/6: 2개 spec 평가 중...
    그룹 5/6: 15개 spec 평가 중...
    그룹 6/6: 15개 spec 평가 중...
  📊 Gen 4: best_score=93.0, archive_size=31

✅ 집단 진화 완료! 결과: final_spec_ver1/Healthcare_and_Medicine/Image_Generation
  🏆 Image Generation 진화 완료! 총 31개 그룹 생성
     그룹 점수: 93/100
     그룹 크기: 15개 spec

🎯 태스크 'Text Generation' 그룹 진화 시작
🚀 기존 archive에서 집단 기반 정책 셋 생성: Text Generation
  📊 기존 archive 크기: 36개 spec
  🎯 목표 그룹 크기: 10-20 (target: 5)
  📈 최고 점수: 80

🧬 기존 archive로부터 초기 집단 생성 중...
  🎲 랜덤 샘플링으로 3개 그룹 생성 (평균 크기: 12.0)
  ⚖️ 초기 집단 평가 중... (3개 그룹)
    그룹 1/3: 17개 spec 평가 중...
    그룹 2/3: 17개 spec 평가 중...
    그룹 3/3: 2개 spec 평가 중...
  📊 초기 그룹: 3개

🚀 Generation 1/5
============================================================
  🧬 선택된 부모 그룹: 3개
  🔄 교배 및 변이 중...
    🔍 필터링 결과: 15줄 → 15개 RFC2119 spec
  ➕ 그룹 변이: 새 spec 추가 (점수: 0)
  📊 새로운 후보 그룹: 4개
  ⚖️ 후보 그룹 평가 중...
    그룹 1/4: 2개 spec 평가 중...
    그룹 2/4: 17개 spec 평가 중...
    그룹 3/4: 17개 spec 평가 중...
    그룹 4/4: 3개 spec 평가 중...
  📊 Gen 0: best_score=93.0, archive_size=7

🚀 Generation 2/5
============================================================
  🧬 선택된 부모 그룹: 6개
  🔄 교배 및 변이 중...
  📊 새로운 후보 그룹: 6개
  ⚖️ 후보 그룹 평가 중...
    그룹 1/6: 17개 spec 평가 중...
    그룹 2/6: 17개 spec 평가 중...
    그룹 3/6: 3개 spec 평가 중...
    그룹 4/6: 2개 spec 평가 중...
    그룹 5/6: 17개 spec 평가 중...
    그룹 6/6: 17개 spec 평가 중...
  📊 Gen 1: best_score=93.0, archive_size=13

🚀 Generation 3/5
============================================================
  🧬 선택된 부모 그룹: 6개
  🔄 교배 및 변이 중...
    🔍 필터링 결과: 15줄 → 15개 RFC2119 spec
  ➕ 그룹 변이: 새 spec 추가 (점수: 0)
  📊 새로운 후보 그룹: 6개
  ⚖️ 후보 그룹 평가 중...
    그룹 1/6: 18개 spec 평가 중...
    그룹 2/6: 17개 spec 평가 중...
    그룹 3/6: 17개 spec 평가 중...
    그룹 4/6: 17개 spec 평가 중...
    그룹 5/6: 17개 spec 평가 중...
    그룹 6/6: 3개 spec 평가 중...
  📊 Gen 2: best_score=93.0, archive_size=19

🚀 Generation 4/5
============================================================
  🧬 선택된 부모 그룹: 6개
  🔄 교배 및 변이 중...
  📊 새로운 후보 그룹: 6개
  ⚖️ 후보 그룹 평가 중...
    그룹 1/6: 17개 spec 평가 중...
    그룹 2/6: 3개 spec 평가 중...
    그룹 3/6: 17개 spec 평가 중...
    그룹 4/6: 17개 spec 평가 중...
    그룹 5/6: 2개 spec 평가 중...
    그룹 6/6: 2개 spec 평가 중...
  📊 Gen 3: best_score=93.0, archive_size=25

🚀 Generation 5/5
============================================================
  🧬 선택된 부모 그룹: 6개
  🔄 교배 및 변이 중...
    🔍 필터링 결과: 15줄 → 15개 RFC2119 spec
  🔄 그룹 변이: spec 개선 (81 → 0)
  📊 새로운 후보 그룹: 6개
  ⚖️ 후보 그룹 평가 중...
    그룹 1/6: 17개 spec 평가 중...
    그룹 2/6: 3개 spec 평가 중...
    그룹 3/6: 17개 spec 평가 중...
    그룹 4/6: 2개 spec 평가 중...
    그룹 5/6: 17개 spec 평가 중...
    그룹 6/6: 17개 spec 평가 중...
  📊 Gen 4: best_score=93.0, archive_size=31

✅ 집단 진화 완료! 결과: final_spec_ver1/Healthcare_and_Medicine/Text_Generation
  🏆 Text Generation 진화 완료! 총 31개 그룹 생성
     그룹 점수: 93/100
     그룹 크기: 17개 spec

🎯 태스크 'Analysis & Reasoning' 그룹 진화 시작
🚀 기존 archive에서 집단 기반 정책 셋 생성: Analysis & Reasoning
  📊 기존 archive 크기: 42개 spec
  🎯 목표 그룹 크기: 10-20 (target: 5)
  📈 최고 점수: 79

🧬 기존 archive로부터 초기 집단 생성 중...
  🎲 랜덤 샘플링으로 3개 그룹 생성 (평균 크기: 14.0)
  ⚖️ 초기 집단 평가 중... (3개 그룹)
    그룹 1/3: 15개 spec 평가 중...
    그룹 2/3: 15개 spec 평가 중...
    그룹 3/3: 12개 spec 평가 중...
  📊 초기 그룹: 3개

🚀 Generation 1/5
============================================================
  🧬 선택된 부모 그룹: 3개
  🔄 교배 및 변이 중...
    🔍 필터링 결과: 15줄 → 15개 RFC2119 spec
  ➕ 그룹 변이: 새 spec 추가 (점수: 0)
  📊 새로운 후보 그룹: 4개
  ⚖️ 후보 그룹 평가 중...
    그룹 1/4: 12개 spec 평가 중...
    그룹 2/4: 16개 spec 평가 중...
    그룹 3/4: 15개 spec 평가 중...
    그룹 4/4: 12개 spec 평가 중...
  📊 Gen 0: best_score=93.0, archive_size=7

🚀 Generation 2/5
============================================================
  🧬 선택된 부모 그룹: 6개
  🔄 교배 및 변이 중...
    🔍 필터링 결과: 15줄 → 15개 RFC2119 spec
  ➕ 그룹 변이: 새 spec 추가 (점수: 0)
    🔍 필터링 결과: 15줄 → 15개 RFC2119 spec
  ➕ 그룹 변이: 새 spec 추가 (점수: 0)
    🔍 필터링 결과: 15줄 → 15개 RFC2119 spec
  🔄 그룹 변이: spec 개선 (68 → 0)
    🔍 필터링 결과: 15줄 → 15개 RFC2119 spec
  ➕ 그룹 변이: 새 spec 추가 (점수: 0)
    🔍 필터링 결과: 15줄 → 15개 RFC2119 spec
  ➕ 그룹 변이: 새 spec 추가 (점수: 0)
  📊 새로운 후보 그룹: 6개
  ⚖️ 후보 그룹 평가 중...
    그룹 1/6: 17개 spec 평가 중...
    그룹 2/6: 13개 spec 평가 중...
    그룹 3/6: 15개 spec 평가 중...
    그룹 4/6: 12개 spec 평가 중...
    그룹 5/6: 16개 spec 평가 중...
    그룹 6/6: 13개 spec 평가 중...
  📊 Gen 1: best_score=93.0, archive_size=13

🚀 Generation 3/5
============================================================
  🧬 선택된 부모 그룹: 6개
  🔄 교배 및 변이 중...
    🔍 필터링 결과: 15줄 → 15개 RFC2119 spec
  🔄 그룹 변이: spec 개선 (66 → 0)
  📊 새로운 후보 그룹: 6개
  ⚖️ 후보 그룹 평가 중...
    그룹 1/6: 15개 spec 평가 중...
    그룹 2/6: 12개 spec 평가 중...
    그룹 3/6: 15개 spec 평가 중...
    그룹 4/6: 12개 spec 평가 중...
    그룹 5/6: 15개 spec 평가 중...
    그룹 6/6: 12개 spec 평가 중...
  📊 Gen 2: best_score=93.0, archive_size=19

🚀 Generation 4/5
============================================================
  🧬 선택된 부모 그룹: 6개
  🔄 교배 및 변이 중...
    🔍 필터링 결과: 15줄 → 15개 RFC2119 spec
  ➕ 그룹 변이: 새 spec 추가 (점수: 0)
    🔍 필터링 결과: 15줄 → 15개 RFC2119 spec
  ➕ 그룹 변이: 새 spec 추가 (점수: 0)
    🔍 필터링 결과: 15줄 → 15개 RFC2119 spec
  ➕ 그룹 변이: 새 spec 추가 (점수: 0)
    🔍 필터링 결과: 15줄 → 15개 RFC2119 spec
  ➕ 그룹 변이: 새 spec 추가 (점수: 0)
  📊 새로운 후보 그룹: 6개
  ⚖️ 후보 그룹 평가 중...
    그룹 1/6: 15개 spec 평가 중...
    그룹 2/6: 13개 spec 평가 중...
    그룹 3/6: 16개 spec 평가 중...
    그룹 4/6: 15개 spec 평가 중...
    그룹 5/6: 16개 spec 평가 중...
    그룹 6/6: 14개 spec 평가 중...
  📊 Gen 3: best_score=93.0, archive_size=25

🚀 Generation 5/5
============================================================
  🧬 선택된 부모 그룹: 6개
  🔄 교배 및 변이 중...
    🔍 필터링 결과: 15줄 → 15개 RFC2119 spec
  ➕ 그룹 변이: 새 spec 추가 (점수: 0)
  📊 새로운 후보 그룹: 6개
  ⚖️ 후보 그룹 평가 중...
    그룹 1/6: 12개 spec 평가 중...
    그룹 2/6: 15개 spec 평가 중...
    그룹 3/6: 15개 spec 평가 중...
    그룹 4/6: 17개 spec 평가 중...
    그룹 5/6: 13개 spec 평가 중...
    그룹 6/6: 15개 spec 평가 중...
  📊 Gen 4: best_score=93.0, archive_size=31

✅ 집단 진화 완료! 결과: final_spec_ver1/Healthcare_and_Medicine/Analysis_and_Reasoning
  🏆 Analysis & Reasoning 진화 완료! 총 31개 그룹 생성
     그룹 점수: 93/100
     그룹 크기: 12개 spec

🎯 태스크 'Communication' 그룹 진화 시작
🚀 기존 archive에서 집단 기반 정책 셋 생성: Communication
  📊 기존 archive 크기: 34개 spec
  🎯 목표 그룹 크기: 10-20 (target: 5)
  📈 최고 점수: 81

🧬 기존 archive로부터 초기 집단 생성 중...
  🎲 랜덤 샘플링으로 2개 그룹 생성 (평균 크기: 17.0)
  ⚖️ 초기 집단 평가 중... (2개 그룹)
    그룹 1/2: 18개 spec 평가 중...
    그룹 2/2: 16개 spec 평가 중...
  ⚠️ 통합 그룹 평가 실패: Error code: 529 - {'type': 'error', 'error': {'type': 'overloaded_error', 'message': 'Overloaded'}, 'request_id': None}
  📊 초기 그룹: 2개

🚀 Generation 1/5
============================================================
  🧬 선택된 부모 그룹: 2개
  🔄 교배 및 변이 중...
    🔍 필터링 결과: 15줄 → 15개 RFC2119 spec
  ➕ 그룹 변이: 새 spec 추가 (점수: 0)
  📊 새로운 후보 그룹: 2개
  ⚖️ 후보 그룹 평가 중...
    그룹 1/2: 16개 spec 평가 중...
    그룹 2/2: 19개 spec 평가 중...
  📊 Gen 0: best_score=92.0, archive_size=4

🚀 Generation 2/5
============================================================
  🧬 선택된 부모 그룹: 4개
  🔄 교배 및 변이 중...
    🔍 필터링 결과: 15줄 → 15개 RFC2119 spec
  ➕ 그룹 변이: 새 spec 추가 (점수: 0)
    🔍 필터링 결과: 15줄 → 15개 RFC2119 spec
  ➕ 그룹 변이: 새 spec 추가 (점수: 0)
  📊 새로운 후보 그룹: 4개
  ⚖️ 후보 그룹 평가 중...
    그룹 1/4: 19개 spec 평가 중...
    그룹 2/4: 17개 spec 평가 중...
    그룹 3/4: 19개 spec 평가 중...
    그룹 4/4: 16개 spec 평가 중...
  📊 Gen 1: best_score=93.0, archive_size=8

🚀 Generation 3/5
============================================================
  🧬 선택된 부모 그룹: 6개
  🔄 교배 및 변이 중...
    🔍 필터링 결과: 15줄 → 15개 RFC2119 spec
  ➕ 그룹 변이: 새 spec 추가 (점수: 0)
    🔍 필터링 결과: 15줄 → 15개 RFC2119 spec
  ➕ 그룹 변이: 새 spec 추가 (점수: 0)
    🔍 필터링 결과: 15줄 → 15개 RFC2119 spec
  ➕ 그룹 변이: 새 spec 추가 (점수: 0)
    🔍 필터링 결과: 15줄 → 15개 RFC2119 spec
  ➕ 그룹 변이: 새 spec 추가 (점수: 0)
    🔍 필터링 결과: 15줄 → 15개 RFC2119 spec
  ➕ 그룹 변이: 새 spec 추가 (점수: 0)
  📊 새로운 후보 그룹: 6개
  ⚖️ 후보 그룹 평가 중...
    그룹 1/6: 19개 spec 평가 중...
    그룹 2/6: 17개 spec 평가 중...
    그룹 3/6: 18개 spec 평가 중...
    그룹 4/6: 19개 spec 평가 중...
    그룹 5/6: 17개 spec 평가 중...
    그룹 6/6: 20개 spec 평가 중...
  📊 Gen 2: best_score=93.0, archive_size=14

🚀 Generation 4/5
============================================================
  🧬 선택된 부모 그룹: 6개
  🔄 교배 및 변이 중...
    🔍 필터링 결과: 15줄 → 15개 RFC2119 spec
  ➕ 그룹 변이: 새 spec 추가 (점수: 0)
    🔍 필터링 결과: 15줄 → 15개 RFC2119 spec
  🔄 그룹 변이: spec 개선 (0 → 0)
    🔍 필터링 결과: 15줄 → 15개 RFC2119 spec
  ➕ 그룹 변이: 새 spec 추가 (점수: 0)
  📊 새로운 후보 그룹: 6개
  ⚖️ 후보 그룹 평가 중...
    그룹 1/6: 19개 spec 평가 중...
    그룹 2/6: 17개 spec 평가 중...
    그룹 3/6: 19개 spec 평가 중...
    그룹 4/6: 19개 spec 평가 중...
    그룹 5/6: 19개 spec 평가 중...
    그룹 6/6: 18개 spec 평가 중...
  📊 Gen 3: best_score=93.0, archive_size=20

🚀 Generation 5/5
============================================================
  🧬 선택된 부모 그룹: 6개
  🔄 교배 및 변이 중...
    🔍 필터링 결과: 15줄 → 15개 RFC2119 spec
  🔄 그룹 변이: spec 개선 (79 → 0)
    🔍 필터링 결과: 15줄 → 15개 RFC2119 spec
  ➕ 그룹 변이: 새 spec 추가 (점수: 0)
    🔍 필터링 결과: 15줄 → 15개 RFC2119 spec
  ➕ 그룹 변이: 새 spec 추가 (점수: 0)
    🔍 필터링 결과: 15줄 → 15개 RFC2119 spec
  ➕ 그룹 변이: 새 spec 추가 (점수: 0)
  📊 새로운 후보 그룹: 6개
  ⚖️ 후보 그룹 평가 중...
    그룹 1/6: 16개 spec 평가 중...
    그룹 2/6: 20개 spec 평가 중...
    그룹 3/6: 17개 spec 평가 중...
    그룹 4/6: 20개 spec 평가 중...
    그룹 5/6: 19개 spec 평가 중...
    그룹 6/6: 20개 spec 평가 중...
  📊 Gen 4: best_score=93.0, archive_size=26

✅ 집단 진화 완료! 결과: final_spec_ver1/Healthcare_and_Medicine/Communication
  🏆 Communication 진화 완료! 총 26개 그룹 생성
     그룹 점수: 93/100
     그룹 크기: 19개 spec

✅ 도메인 'Healthcare_and_Medicine'의 모든 태스크 그룹 진화 완료!
