🎯 Target Domain: Legal_and_Regulatory (모든 태스크)
🚀 도메인 'Legal_and_Regulatory'의 그룹 진화 시작
📋 발견된 태스크들: ['Multimodal_Tasks.txt', 'Agent_Actions.txt', 'Information_Processing.txt', 'Code_Generation.txt', 'Decision_Support.txt', 'Classification_and_Categorization.txt', 'Image_Generation.txt', 'Text_Generation.txt', 'Analysis_and_Reasoning.txt', 'Communication.txt']

🎯 태스크 'Multimodal Tasks' 그룹 진화 시작
🚀 기존 archive에서 집단 기반 정책 셋 생성: Legal_and_Regulatory_Multimodal Tasks
  📊 기존 archive 크기: 54개 spec
  🎯 목표 그룹 크기: 10-20 (target: 5)
  📈 최고 점수: 79

🧬 기존 archive로부터 초기 집단 생성 중...
  🎲 랜덤 샘플링으로 4개 그룹 생성 (평균 크기: 13.5)
  ⚖️ 초기 집단 평가 중... (4개 그룹)
    그룹 1/4: 17개 spec 평가 중...
    그룹 2/4: 17개 spec 평가 중...
    그룹 3/4: 17개 spec 평가 중...
    그룹 4/4: 3개 spec 평가 중...
  📊 초기 그룹: 4개

🚀 Generation 1/5
============================================================
  🧬 선택된 부모 그룹: 4개
  🔄 교배 및 변이 중...
    🔍 필터링 결과: 15줄 → 15개 RFC2119 spec
  ➕ 그룹 변이: 새 spec 추가 (점수: 0)
    🔍 필터링 결과: 15줄 → 15개 RFC2119 spec
  ➕ 그룹 변이: 새 spec 추가 (점수: 0)
    🔍 필터링 결과: 15줄 → 15개 RFC2119 spec
  🔄 그룹 변이: spec 개선 (75 → 0)
  📊 새로운 후보 그룹: 4개
  ⚖️ 후보 그룹 평가 중...
    그룹 1/4: 18개 spec 평가 중...
    그룹 2/4: 17개 spec 평가 중...
    그룹 3/4: 18개 spec 평가 중...
    그룹 4/4: 3개 spec 평가 중...
  📊 Gen 0: best_score=93.0, archive_size=8

🚀 Generation 2/5
============================================================
  🧬 선택된 부모 그룹: 6개
  🔄 교배 및 변이 중...
    🔍 필터링 결과: 15줄 → 15개 RFC2119 spec
  🔄 그룹 변이: spec 개선 (75 → 0)
    🔍 필터링 결과: 15줄 → 15개 RFC2119 spec
  ➕ 그룹 변이: 새 spec 추가 (점수: 0)
    🔍 필터링 결과: 15줄 → 15개 RFC2119 spec
  ➕ 그룹 변이: 새 spec 추가 (점수: 0)
  📊 새로운 후보 그룹: 6개
  ⚖️ 후보 그룹 평가 중...
    그룹 1/6: 17개 spec 평가 중...
    그룹 2/6: 17개 spec 평가 중...
    그룹 3/6: 3개 spec 평가 중...
    그룹 4/6: 18개 spec 평가 중...
    그룹 5/6: 19개 spec 평가 중...
    그룹 6/6: 4개 spec 평가 중...
  📊 Gen 1: best_score=93.0, archive_size=14

🚀 Generation 3/5
============================================================
  🧬 선택된 부모 그룹: 6개
  🔄 교배 및 변이 중...
    🔍 필터링 결과: 15줄 → 15개 RFC2119 spec
  ➕ 그룹 변이: 새 spec 추가 (점수: 0)
    🔍 필터링 결과: 15줄 → 15개 RFC2119 spec
  ➕ 그룹 변이: 새 spec 추가 (점수: 0)
    🔍 필터링 결과: 15줄 → 15개 RFC2119 spec
  ➕ 그룹 변이: 새 spec 추가 (점수: 0)
    🔍 필터링 결과: 15줄 → 15개 RFC2119 spec
  ➕ 그룹 변이: 새 spec 추가 (점수: 0)
  📊 새로운 후보 그룹: 6개
  ⚖️ 후보 그룹 평가 중...
    그룹 1/6: 18개 spec 평가 중...
    그룹 2/6: 4개 spec 평가 중...
    그룹 3/6: 19개 spec 평가 중...
    그룹 4/6: 19개 spec 평가 중...
    그룹 5/6: 17개 spec 평가 중...
    그룹 6/6: 17개 spec 평가 중...
  📊 Gen 2: best_score=93.0, archive_size=20

🚀 Generation 4/5
============================================================
  🧬 선택된 부모 그룹: 6개
  🔄 교배 및 변이 중...
  📊 새로운 후보 그룹: 6개
  ⚖️ 후보 그룹 평가 중...
    그룹 1/6: 17개 spec 평가 중...
    그룹 2/6: 3개 spec 평가 중...
    그룹 3/6: 17개 spec 평가 중...
    그룹 4/6: 3개 spec 평가 중...
    그룹 5/6: 4개 spec 평가 중...
    그룹 6/6: 17개 spec 평가 중...
  📊 Gen 3: best_score=93.0, archive_size=26

🚀 Generation 5/5
============================================================
  🧬 선택된 부모 그룹: 6개
  🔄 교배 및 변이 중...
    🔍 필터링 결과: 15줄 → 15개 RFC2119 spec
  ➕ 그룹 변이: 새 spec 추가 (점수: 0)
    🔍 필터링 결과: 15줄 → 15개 RFC2119 spec
  ➕ 그룹 변이: 새 spec 추가 (점수: 0)
  📊 새로운 후보 그룹: 6개
  ⚖️ 후보 그룹 평가 중...
    그룹 1/6: 20개 spec 평가 중...
    그룹 2/6: 4개 spec 평가 중...
    그룹 3/6: 18개 spec 평가 중...
    그룹 4/6: 4개 spec 평가 중...
    그룹 5/6: 17개 spec 평가 중...
    그룹 6/6: 3개 spec 평가 중...
  📊 Gen 4: best_score=93.0, archive_size=32

✅ 집단 진화 완료! 결과: final_spec_ver1/Legal_and_Regulatory/Legal_and_Regulatory_Multimodal_Tasks
  🏆 Multimodal Tasks 진화 완료! 총 32개 그룹 생성
     그룹 점수: 93/100
     그룹 크기: 17개 spec

🎯 태스크 'Agent Actions' 그룹 진화 시작
🚀 기존 archive에서 집단 기반 정책 셋 생성: Legal_and_Regulatory_Agent Actions
  📊 기존 archive 크기: 43개 spec
  🎯 목표 그룹 크기: 10-20 (target: 5)
  📈 최고 점수: 79

🧬 기존 archive로부터 초기 집단 생성 중...
  🎲 랜덤 샘플링으로 3개 그룹 생성 (평균 크기: 14.3)
  ⚖️ 초기 집단 평가 중... (3개 그룹)
    그룹 1/3: 15개 spec 평가 중...
    그룹 2/3: 15개 spec 평가 중...
    그룹 3/3: 13개 spec 평가 중...
  📊 초기 그룹: 3개

🚀 Generation 1/5
============================================================
  🧬 선택된 부모 그룹: 3개
  🔄 교배 및 변이 중...
    🔍 필터링 결과: 15줄 → 15개 RFC2119 spec
  🔄 그룹 변이: spec 개선 (66 → 0)
    🔍 필터링 결과: 15줄 → 15개 RFC2119 spec
  ➕ 그룹 변이: 새 spec 추가 (점수: 0)
  📊 새로운 후보 그룹: 4개
  ⚖️ 후보 그룹 평가 중...
    그룹 1/4: 15개 spec 평가 중...
    그룹 2/4: 15개 spec 평가 중...
    그룹 3/4: 13개 spec 평가 중...
    그룹 4/4: 16개 spec 평가 중...
  📊 Gen 0: best_score=93.0, archive_size=7

🚀 Generation 2/5
============================================================
  🧬 선택된 부모 그룹: 6개
  🔄 교배 및 변이 중...
    🔍 필터링 결과: 15줄 → 15개 RFC2119 spec
  ➕ 그룹 변이: 새 spec 추가 (점수: 0)
    🔍 필터링 결과: 15줄 → 15개 RFC2119 spec
  ➕ 그룹 변이: 새 spec 추가 (점수: 0)
  📊 새로운 후보 그룹: 6개
  ⚖️ 후보 그룹 평가 중...
    그룹 1/6: 14개 spec 평가 중...
    그룹 2/6: 15개 spec 평가 중...
    그룹 3/6: 16개 spec 평가 중...
    그룹 4/6: 15개 spec 평가 중...
    그룹 5/6: 13개 spec 평가 중...
    그룹 6/6: 16개 spec 평가 중...
  📊 Gen 1: best_score=93.0, archive_size=13

🚀 Generation 3/5
============================================================
  🧬 선택된 부모 그룹: 6개
  🔄 교배 및 변이 중...
    🔍 필터링 결과: 15줄 → 15개 RFC2119 spec
  ➕ 그룹 변이: 새 spec 추가 (점수: 0)
    🔍 필터링 결과: 15줄 → 15개 RFC2119 spec
  ➕ 그룹 변이: 새 spec 추가 (점수: 0)
  📊 새로운 후보 그룹: 6개
  ⚖️ 후보 그룹 평가 중...
    그룹 1/6: 13개 spec 평가 중...
    그룹 2/6: 16개 spec 평가 중...
    그룹 3/6: 16개 spec 평가 중...
    그룹 4/6: 16개 spec 평가 중...
    그룹 5/6: 16개 spec 평가 중...
    그룹 6/6: 16개 spec 평가 중...
  📊 Gen 2: best_score=93.0, archive_size=19

🚀 Generation 4/5
============================================================
  🧬 선택된 부모 그룹: 6개
  🔄 교배 및 변이 중...
    🔍 필터링 결과: 15줄 → 15개 RFC2119 spec
  🔄 그룹 변이: spec 개선 (0 → 0)
    🔍 필터링 결과: 15줄 → 15개 RFC2119 spec
  ➕ 그룹 변이: 새 spec 추가 (점수: 0)
    🔍 필터링 결과: 15줄 → 15개 RFC2119 spec
  ➕ 그룹 변이: 새 spec 추가 (점수: 0)
  📊 새로운 후보 그룹: 6개
  ⚖️ 후보 그룹 평가 중...
    그룹 1/6: 13개 spec 평가 중...
    그룹 2/6: 16개 spec 평가 중...
    그룹 3/6: 16개 spec 평가 중...
    그룹 4/6: 14개 spec 평가 중...
    그룹 5/6: 17개 spec 평가 중...
    그룹 6/6: 15개 spec 평가 중...
  📊 Gen 3: best_score=93.0, archive_size=25

🚀 Generation 5/5
============================================================
  🧬 선택된 부모 그룹: 6개
  🔄 교배 및 변이 중...
    🔍 필터링 결과: 15줄 → 15개 RFC2119 spec
  ➕ 그룹 변이: 새 spec 추가 (점수: 0)
    🔍 필터링 결과: 15줄 → 15개 RFC2119 spec
  ➕ 그룹 변이: 새 spec 추가 (점수: 0)
    🔍 필터링 결과: 15줄 → 15개 RFC2119 spec
  ➕ 그룹 변이: 새 spec 추가 (점수: 0)
  📊 새로운 후보 그룹: 6개
  ⚖️ 후보 그룹 평가 중...
    그룹 1/6: 15개 spec 평가 중...
    그룹 2/6: 16개 spec 평가 중...
    그룹 3/6: 16개 spec 평가 중...
    그룹 4/6: 15개 spec 평가 중...
    그룹 5/6: 16개 spec 평가 중...
    그룹 6/6: 13개 spec 평가 중...
  📊 Gen 4: best_score=93.0, archive_size=31

✅ 집단 진화 완료! 결과: final_spec_ver1/Legal_and_Regulatory/Legal_and_Regulatory_Agent_Actions
  🏆 Agent Actions 진화 완료! 총 31개 그룹 생성
     그룹 점수: 93/100
     그룹 크기: 15개 spec

🎯 태스크 'Information Processing' 그룹 진화 시작
🚀 기존 archive에서 집단 기반 정책 셋 생성: Legal_and_Regulatory_Information Processing
  📊 기존 archive 크기: 38개 spec
  🎯 목표 그룹 크기: 10-20 (target: 5)
  📈 최고 점수: 79

🧬 기존 archive로부터 초기 집단 생성 중...
  🎲 랜덤 샘플링으로 3개 그룹 생성 (평균 크기: 12.7)
  ⚖️ 초기 집단 평가 중... (3개 그룹)
    그룹 1/3: 16개 spec 평가 중...
    그룹 2/3: 16개 spec 평가 중...
    그룹 3/3: 6개 spec 평가 중...
  📊 초기 그룹: 3개

🚀 Generation 1/5
============================================================
  🧬 선택된 부모 그룹: 3개
  🔄 교배 및 변이 중...
    🔍 필터링 결과: 15줄 → 15개 RFC2119 spec
  ➕ 그룹 변이: 새 spec 추가 (점수: 0)
  📊 새로운 후보 그룹: 4개
  ⚖️ 후보 그룹 평가 중...
    그룹 1/4: 16개 spec 평가 중...
    그룹 2/4: 6개 spec 평가 중...
    그룹 3/4: 17개 spec 평가 중...
    그룹 4/4: 16개 spec 평가 중...
  📊 Gen 0: best_score=93.0, archive_size=7

🚀 Generation 2/5
============================================================
  🧬 선택된 부모 그룹: 6개
  🔄 교배 및 변이 중...
    🔍 필터링 결과: 15줄 → 15개 RFC2119 spec
  🔄 그룹 변이: spec 개선 (0 → 0)
  📊 새로운 후보 그룹: 6개
  ⚖️ 후보 그룹 평가 중...
    그룹 1/6: 16개 spec 평가 중...
    그룹 2/6: 6개 spec 평가 중...
    그룹 3/6: 17개 spec 평가 중...
    그룹 4/6: 16개 spec 평가 중...
    그룹 5/6: 16개 spec 평가 중...
    그룹 6/6: 16개 spec 평가 중...
  📊 Gen 1: best_score=93.0, archive_size=13

🚀 Generation 3/5
============================================================
  🧬 선택된 부모 그룹: 6개
  🔄 교배 및 변이 중...
    🔍 필터링 결과: 15줄 → 15개 RFC2119 spec
  ➕ 그룹 변이: 새 spec 추가 (점수: 0)
    🔍 필터링 결과: 15줄 → 15개 RFC2119 spec
  ➕ 그룹 변이: 새 spec 추가 (점수: 0)
    🔍 필터링 결과: 15줄 → 15개 RFC2119 spec
  ➕ 그룹 변이: 새 spec 추가 (점수: 0)
  📊 새로운 후보 그룹: 6개
  ⚖️ 후보 그룹 평가 중...
    그룹 1/6: 17개 spec 평가 중...
    그룹 2/6: 17개 spec 평가 중...
    그룹 3/6: 17개 spec 평가 중...
    그룹 4/6: 16개 spec 평가 중...
    그룹 5/6: 16개 spec 평가 중...
    그룹 6/6: 17개 spec 평가 중...
  📊 Gen 2: best_score=93.0, archive_size=19

🚀 Generation 4/5
============================================================
  🧬 선택된 부모 그룹: 6개
  🔄 교배 및 변이 중...
    🔍 필터링 결과: 15줄 → 15개 RFC2119 spec
  🔄 그룹 변이: spec 개선 (0 → 0)
    🔍 필터링 결과: 15줄 → 15개 RFC2119 spec
  🔄 그룹 변이: spec 개선 (0 → 0)
    🔍 필터링 결과: 15줄 → 15개 RFC2119 spec
  ➕ 그룹 변이: 새 spec 추가 (점수: 0)
    🔍 필터링 결과: 15줄 → 15개 RFC2119 spec
  ➕ 그룹 변이: 새 spec 추가 (점수: 0)
  📊 새로운 후보 그룹: 6개
  ⚖️ 후보 그룹 평가 중...
    그룹 1/6: 17개 spec 평가 중...
    그룹 2/6: 17개 spec 평가 중...
    그룹 3/6: 17개 spec 평가 중...
    그룹 4/6: 7개 spec 평가 중...
    그룹 5/6: 18개 spec 평가 중...
    그룹 6/6: 16개 spec 평가 중...
  📊 Gen 3: best_score=93.0, archive_size=25

🚀 Generation 5/5
============================================================
  🧬 선택된 부모 그룹: 6개
  🔄 교배 및 변이 중...
    🔍 필터링 결과: 15줄 → 15개 RFC2119 spec
  🔄 그룹 변이: spec 개선 (0 → 0)
    🔍 필터링 결과: 15줄 → 15개 RFC2119 spec
  ➕ 그룹 변이: 새 spec 추가 (점수: 0)
  📊 새로운 후보 그룹: 6개
  ⚖️ 후보 그룹 평가 중...
    그룹 1/6: 17개 spec 평가 중...
    그룹 2/6: 17개 spec 평가 중...
    그룹 3/6: 17개 spec 평가 중...
    그룹 4/6: 16개 spec 평가 중...
    그룹 5/6: 17개 spec 평가 중...
    그룹 6/6: 8개 spec 평가 중...
  📊 Gen 4: best_score=93.0, archive_size=31

✅ 집단 진화 완료! 결과: final_spec_ver1/Legal_and_Regulatory/Legal_and_Regulatory_Information_Processing
  🏆 Information Processing 진화 완료! 총 31개 그룹 생성
     그룹 점수: 93/100
     그룹 크기: 16개 spec

🎯 태스크 'Code Generation' 그룹 진화 시작
🚀 기존 archive에서 집단 기반 정책 셋 생성: Legal_and_Regulatory_Code Generation
  📊 기존 archive 크기: 39개 spec
  🎯 목표 그룹 크기: 10-20 (target: 5)
  📈 최고 점수: 75

🧬 기존 archive로부터 초기 집단 생성 중...
  🎲 랜덤 샘플링으로 3개 그룹 생성 (평균 크기: 13.0)
  ⚖️ 초기 집단 평가 중... (3개 그룹)
    그룹 1/3: 18개 spec 평가 중...
    그룹 2/3: 18개 spec 평가 중...
    그룹 3/3: 3개 spec 평가 중...
  📊 초기 그룹: 3개

🚀 Generation 1/5
============================================================
  🧬 선택된 부모 그룹: 3개
  🔄 교배 및 변이 중...
  📊 새로운 후보 그룹: 4개
  ⚖️ 후보 그룹 평가 중...
    그룹 1/4: 18개 spec 평가 중...
    그룹 2/4: 18개 spec 평가 중...
    그룹 3/4: 3개 spec 평가 중...
    그룹 4/4: 18개 spec 평가 중...
  📊 Gen 0: best_score=93.0, archive_size=7

🚀 Generation 2/5
============================================================
  🧬 선택된 부모 그룹: 6개
  🔄 교배 및 변이 중...
    🔍 필터링 결과: 15줄 → 15개 RFC2119 spec
  🔄 그룹 변이: spec 개선 (63 → 0)
    🔍 필터링 결과: 15줄 → 15개 RFC2119 spec
  🔄 그룹 변이: spec 개선 (62 → 0)
  📊 새로운 후보 그룹: 6개
  ⚖️ 후보 그룹 평가 중...
    그룹 1/6: 18개 spec 평가 중...
    그룹 2/6: 3개 spec 평가 중...
    그룹 3/6: 18개 spec 평가 중...
    그룹 4/6: 18개 spec 평가 중...
    그룹 5/6: 18개 spec 평가 중...
    그룹 6/6: 3개 spec 평가 중...
  📊 Gen 1: best_score=93.0, archive_size=13

🚀 Generation 3/5
============================================================
  🧬 선택된 부모 그룹: 6개
  🔄 교배 및 변이 중...
    🔍 필터링 결과: 15줄 → 15개 RFC2119 spec
  ➕ 그룹 변이: 새 spec 추가 (점수: 0)
    🔍 필터링 결과: 15줄 → 15개 RFC2119 spec
  ➕ 그룹 변이: 새 spec 추가 (점수: 0)
  📊 새로운 후보 그룹: 6개
  ⚖️ 후보 그룹 평가 중...
    그룹 1/6: 18개 spec 평가 중...
    그룹 2/6: 18개 spec 평가 중...
    그룹 3/6: 3개 spec 평가 중...
    그룹 4/6: 19개 spec 평가 중...
    그룹 5/6: 4개 spec 평가 중...
    그룹 6/6: 3개 spec 평가 중...
  📊 Gen 2: best_score=93.0, archive_size=19

🚀 Generation 4/5
============================================================
  🧬 선택된 부모 그룹: 6개
  🔄 교배 및 변이 중...
    🔍 필터링 결과: 15줄 → 15개 RFC2119 spec
  ➕ 그룹 변이: 새 spec 추가 (점수: 0)
    🔍 필터링 결과: 15줄 → 15개 RFC2119 spec
  ➕ 그룹 변이: 새 spec 추가 (점수: 0)
    🔍 필터링 결과: 15줄 → 15개 RFC2119 spec
  ➕ 그룹 변이: 새 spec 추가 (점수: 0)
    🔍 필터링 결과: 15줄 → 15개 RFC2119 spec
  ➕ 그룹 변이: 새 spec 추가 (점수: 0)
  📊 새로운 후보 그룹: 6개
  ⚖️ 후보 그룹 평가 중...
    그룹 1/6: 19개 spec 평가 중...
    그룹 2/6: 3개 spec 평가 중...
    그룹 3/6: 19개 spec 평가 중...
    그룹 4/6: 20개 spec 평가 중...
    그룹 5/6: 19개 spec 평가 중...
    그룹 6/6: 18개 spec 평가 중...
  📊 Gen 3: best_score=93.0, archive_size=25

🚀 Generation 5/5
============================================================
  🧬 선택된 부모 그룹: 6개
  🔄 교배 및 변이 중...
    🔍 필터링 결과: 15줄 → 15개 RFC2119 spec
  🔄 그룹 변이: spec 개선 (63 → 0)
    🔍 필터링 결과: 15줄 → 15개 RFC2119 spec
  ➕ 그룹 변이: 새 spec 추가 (점수: 0)
    🔍 필터링 결과: 15줄 → 15개 RFC2119 spec
  🔄 그룹 변이: spec 개선 (0 → 0)
    🔍 필터링 결과: 15줄 → 15개 RFC2119 spec
  🔄 그룹 변이: spec 개선 (0 → 0)
  📊 새로운 후보 그룹: 6개
  ⚖️ 후보 그룹 평가 중...
    그룹 1/6: 18개 spec 평가 중...
    그룹 2/6: 19개 spec 평가 중...
    그룹 3/6: 3개 spec 평가 중...
    그룹 4/6: 4개 spec 평가 중...
    그룹 5/6: 19개 spec 평가 중...
    그룹 6/6: 18개 spec 평가 중...
  📊 Gen 4: best_score=93.0, archive_size=31

✅ 집단 진화 완료! 결과: final_spec_ver1/Legal_and_Regulatory/Legal_and_Regulatory_Code_Generation
  🏆 Code Generation 진화 완료! 총 31개 그룹 생성
     그룹 점수: 93/100
     그룹 크기: 18개 spec

🎯 태스크 'Decision Support' 그룹 진화 시작
🚀 기존 archive에서 집단 기반 정책 셋 생성: Legal_and_Regulatory_Decision Support
  📊 기존 archive 크기: 50개 spec
  🎯 목표 그룹 크기: 10-20 (target: 5)
  📈 최고 점수: 78

🧬 기존 archive로부터 초기 집단 생성 중...
  🎲 랜덤 샘플링으로 3개 그룹 생성 (평균 크기: 16.7)
  ⚖️ 초기 집단 평가 중... (3개 그룹)
    그룹 1/3: 19개 spec 평가 중...
    그룹 2/3: 19개 spec 평가 중...
    그룹 3/3: 12개 spec 평가 중...
  📊 초기 그룹: 3개

🚀 Generation 1/5
============================================================
  🧬 선택된 부모 그룹: 3개
  🔄 교배 및 변이 중...
    🔍 필터링 결과: 15줄 → 15개 RFC2119 spec
  ➕ 그룹 변이: 새 spec 추가 (점수: 0)
  📊 새로운 후보 그룹: 4개
  ⚖️ 후보 그룹 평가 중...
    그룹 1/4: 19개 spec 평가 중...
    그룹 2/4: 19개 spec 평가 중...
    그룹 3/4: 12개 spec 평가 중...
    그룹 4/4: 20개 spec 평가 중...
  📊 Gen 0: best_score=93.0, archive_size=7

🚀 Generation 2/5
============================================================
  🧬 선택된 부모 그룹: 6개
  🔄 교배 및 변이 중...
    🔍 필터링 결과: 15줄 → 15개 RFC2119 spec
  🔄 그룹 변이: spec 개선 (65 → 0)
    🔍 필터링 결과: 15줄 → 15개 RFC2119 spec
  ➕ 그룹 변이: 새 spec 추가 (점수: 0)
    🔍 필터링 결과: 15줄 → 15개 RFC2119 spec
  ➕ 그룹 변이: 새 spec 추가 (점수: 0)
  📊 새로운 후보 그룹: 6개
  ⚖️ 후보 그룹 평가 중...
    그룹 1/6: 12개 spec 평가 중...
    그룹 2/6: 20개 spec 평가 중...
    그룹 3/6: 19개 spec 평가 중...
    그룹 4/6: 20개 spec 평가 중...
    그룹 5/6: 19개 spec 평가 중...
    그룹 6/6: 13개 spec 평가 중...
  📊 Gen 1: best_score=93.0, archive_size=13

🚀 Generation 3/5
============================================================
  🧬 선택된 부모 그룹: 6개
  🔄 교배 및 변이 중...
    🔍 필터링 결과: 15줄 → 15개 RFC2119 spec
  🔄 그룹 변이: spec 개선 (0 → 0)
    🔍 필터링 결과: 15줄 → 15개 RFC2119 spec
  🔄 그룹 변이: spec 개선 (68 → 0)
    🔍 필터링 결과: 15줄 → 15개 RFC2119 spec
  ➕ 그룹 변이: 새 spec 추가 (점수: 0)
    🔍 필터링 결과: 15줄 → 15개 RFC2119 spec
  ➕ 그룹 변이: 새 spec 추가 (점수: 0)
    🔍 필터링 결과: 15줄 → 15개 RFC2119 spec
  ➕ 그룹 변이: 새 spec 추가 (점수: 0)
  📊 새로운 후보 그룹: 6개
  ⚖️ 후보 그룹 평가 중...
    그룹 1/6: 20개 spec 평가 중...
    그룹 2/6: 19개 spec 평가 중...
    그룹 3/6: 20개 spec 평가 중...
    그룹 4/6: 13개 spec 평가 중...
    그룹 5/6: 13개 spec 평가 중...
    그룹 6/6: 20개 spec 평가 중...
  📊 Gen 2: best_score=93.0, archive_size=19

🚀 Generation 4/5
============================================================
  🧬 선택된 부모 그룹: 6개
  🔄 교배 및 변이 중...
    🔍 필터링 결과: 15줄 → 15개 RFC2119 spec
  ➕ 그룹 변이: 새 spec 추가 (점수: 0)
    🔍 필터링 결과: 15줄 → 15개 RFC2119 spec
  ➕ 그룹 변이: 새 spec 추가 (점수: 0)
    🔍 필터링 결과: 15줄 → 15개 RFC2119 spec
  ➕ 그룹 변이: 새 spec 추가 (점수: 0)
  📊 새로운 후보 그룹: 6개
  ⚖️ 후보 그룹 평가 중...
    그룹 1/6: 20개 spec 평가 중...
    그룹 2/6: 14개 spec 평가 중...
    그룹 3/6: 13개 spec 평가 중...
    그룹 4/6: 20개 spec 평가 중...
    그룹 5/6: 13개 spec 평가 중...
    그룹 6/6: 19개 spec 평가 중...
  📊 Gen 3: best_score=93.0, archive_size=25

🚀 Generation 5/5
============================================================
  🧬 선택된 부모 그룹: 6개
  🔄 교배 및 변이 중...
    🔍 필터링 결과: 15줄 → 15개 RFC2119 spec
  ➕ 그룹 변이: 새 spec 추가 (점수: 0)
  📊 새로운 후보 그룹: 6개
  ⚖️ 후보 그룹 평가 중...
    그룹 1/6: 12개 spec 평가 중...
    그룹 2/6: 19개 spec 평가 중...
    그룹 3/6: 12개 spec 평가 중...
    그룹 4/6: 19개 spec 평가 중...
    그룹 5/6: 14개 spec 평가 중...
    그룹 6/6: 19개 spec 평가 중...
  📊 Gen 4: best_score=93.0, archive_size=31

✅ 집단 진화 완료! 결과: final_spec_ver1/Legal_and_Regulatory/Legal_and_Regulatory_Decision_Support
  🏆 Decision Support 진화 완료! 총 31개 그룹 생성
     그룹 점수: 93/100
     그룹 크기: 19개 spec

🎯 태스크 'Classification & Categorization' 그룹 진화 시작
🚀 기존 archive에서 집단 기반 정책 셋 생성: Legal_and_Regulatory_Classification & Categorization
  📊 기존 archive 크기: 33개 spec
  🎯 목표 그룹 크기: 10-20 (target: 5)
  📈 최고 점수: 83

🧬 기존 archive로부터 초기 집단 생성 중...
  🎲 랜덤 샘플링으로 3개 그룹 생성 (평균 크기: 11.0)
  ⚖️ 초기 집단 평가 중... (3개 그룹)
    그룹 1/3: 15개 spec 평가 중...
    그룹 2/3: 15개 spec 평가 중...
    그룹 3/3: 3개 spec 평가 중...
  📊 초기 그룹: 3개

🚀 Generation 1/5
============================================================
  🧬 선택된 부모 그룹: 3개
  🔄 교배 및 변이 중...
    🔍 필터링 결과: 15줄 → 15개 RFC2119 spec
  ➕ 그룹 변이: 새 spec 추가 (점수: 0)
  📊 새로운 후보 그룹: 4개
  ⚖️ 후보 그룹 평가 중...
    그룹 1/4: 15개 spec 평가 중...
    그룹 2/4: 4개 spec 평가 중...
    그룹 3/4: 15개 spec 평가 중...
    그룹 4/4: 15개 spec 평가 중...
  📊 Gen 0: best_score=93.0, archive_size=7

🚀 Generation 2/5
============================================================
  🧬 선택된 부모 그룹: 6개
  🔄 교배 및 변이 중...
    🔍 필터링 결과: 15줄 → 15개 RFC2119 spec
  🔄 그룹 변이: spec 개선 (71 → 0)
    🔍 필터링 결과: 15줄 → 15개 RFC2119 spec
  ➕ 그룹 변이: 새 spec 추가 (점수: 0)
    🔍 필터링 결과: 15줄 → 15개 RFC2119 spec
  🔄 그룹 변이: spec 개선 (0 → 0)
  📊 새로운 후보 그룹: 6개
  ⚖️ 후보 그룹 평가 중...
    그룹 1/6: 15개 spec 평가 중...
    그룹 2/6: 15개 spec 평가 중...
    그룹 3/6: 3개 spec 평가 중...
    그룹 4/6: 16개 spec 평가 중...
    그룹 5/6: 4개 spec 평가 중...
    그룹 6/6: 15개 spec 평가 중...
  📊 Gen 1: best_score=93.0, archive_size=13

🚀 Generation 3/5
============================================================
  🧬 선택된 부모 그룹: 6개
  🔄 교배 및 변이 중...
    🔍 필터링 결과: 15줄 → 15개 RFC2119 spec
  ➕ 그룹 변이: 새 spec 추가 (점수: 0)
    🔍 필터링 결과: 15줄 → 15개 RFC2119 spec
  🔄 그룹 변이: spec 개선 (0 → 0)
  📊 새로운 후보 그룹: 6개
  ⚖️ 후보 그룹 평가 중...
    그룹 1/6: 15개 spec 평가 중...
    그룹 2/6: 15개 spec 평가 중...
    그룹 3/6: 4개 spec 평가 중...
    그룹 4/6: 16개 spec 평가 중...
    그룹 5/6: 3개 spec 평가 중...
    그룹 6/6: 15개 spec 평가 중...
  📊 Gen 2: best_score=93.0, archive_size=19

🚀 Generation 4/5
============================================================
  🧬 선택된 부모 그룹: 6개
  🔄 교배 및 변이 중...
    🔍 필터링 결과: 15줄 → 15개 RFC2119 spec
  ➕ 그룹 변이: 새 spec 추가 (점수: 0)
    🔍 필터링 결과: 15줄 → 15개 RFC2119 spec
  ➕ 그룹 변이: 새 spec 추가 (점수: 0)
    🔍 필터링 결과: 15줄 → 15개 RFC2119 spec
  ➕ 그룹 변이: 새 spec 추가 (점수: 0)
  📊 새로운 후보 그룹: 6개
  ⚖️ 후보 그룹 평가 중...
    그룹 1/6: 5개 spec 평가 중...
    그룹 2/6: 4개 spec 평가 중...
    그룹 3/6: 4개 spec 평가 중...
    그룹 4/6: 15개 spec 평가 중...
    그룹 5/6: 15개 spec 평가 중...
    그룹 6/6: 15개 spec 평가 중...
  📊 Gen 3: best_score=93.0, archive_size=25

🚀 Generation 5/5
============================================================
  🧬 선택된 부모 그룹: 6개
  🔄 교배 및 변이 중...
    🔍 필터링 결과: 14줄 → 14개 RFC2119 spec
  🔄 그룹 변이: spec 개선 (0 → 0)
    🔍 필터링 결과: 15줄 → 15개 RFC2119 spec
  🔄 그룹 변이: spec 개선 (0 → 0)
    🔍 필터링 결과: 15줄 → 15개 RFC2119 spec
  ➕ 그룹 변이: 새 spec 추가 (점수: 0)
    🔍 필터링 결과: 15줄 → 15개 RFC2119 spec
  ➕ 그룹 변이: 새 spec 추가 (점수: 0)
    🔍 필터링 결과: 15줄 → 15개 RFC2119 spec
  🔄 그룹 변이: spec 개선 (71 → 0)
  📊 새로운 후보 그룹: 6개
  ⚖️ 후보 그룹 평가 중...
    그룹 1/6: 4개 spec 평가 중...
    그룹 2/6: 15개 spec 평가 중...
    그룹 3/6: 3개 spec 평가 중...
    그룹 4/6: 16개 spec 평가 중...
    그룹 5/6: 16개 spec 평가 중...
    그룹 6/6: 4개 spec 평가 중...
  📊 Gen 4: best_score=93.0, archive_size=31

✅ 집단 진화 완료! 결과: final_spec_ver1/Legal_and_Regulatory/Legal_and_Regulatory_Classification_and_Categorization
  🏆 Classification & Categorization 진화 완료! 총 31개 그룹 생성
     그룹 점수: 93/100
     그룹 크기: 15개 spec

🎯 태스크 'Image Generation' 그룹 진화 시작
🚀 기존 archive에서 집단 기반 정책 셋 생성: Legal_and_Regulatory_Image Generation
  📊 기존 archive 크기: 47개 spec
  🎯 목표 그룹 크기: 10-20 (target: 5)
  📈 최고 점수: 79

🧬 기존 archive로부터 초기 집단 생성 중...
  🎲 랜덤 샘플링으로 3개 그룹 생성 (평균 크기: 15.7)
  ⚖️ 초기 집단 평가 중... (3개 그룹)
    그룹 1/3: 17개 spec 평가 중...
    그룹 2/3: 17개 spec 평가 중...
    그룹 3/3: 13개 spec 평가 중...
  📊 초기 그룹: 3개

🚀 Generation 1/5
============================================================
  🧬 선택된 부모 그룹: 3개
  🔄 교배 및 변이 중...
    🔍 필터링 결과: 13줄 → 13개 RFC2119 spec
  🔄 그룹 변이: spec 개선 (62 → 0)
    🔍 필터링 결과: 15줄 → 15개 RFC2119 spec
  ➕ 그룹 변이: 새 spec 추가 (점수: 0)
    🔍 필터링 결과: 15줄 → 15개 RFC2119 spec
  ➕ 그룹 변이: 새 spec 추가 (점수: 0)
  📊 새로운 후보 그룹: 4개
  ⚖️ 후보 그룹 평가 중...
    그룹 1/4: 17개 spec 평가 중...
    그룹 2/4: 17개 spec 평가 중...
    그룹 3/4: 14개 spec 평가 중...
    그룹 4/4: 18개 spec 평가 중...
  📊 Gen 0: best_score=93.0, archive_size=7

🚀 Generation 2/5
============================================================
  🧬 선택된 부모 그룹: 6개
  🔄 교배 및 변이 중...
    🔍 필터링 결과: 15줄 → 15개 RFC2119 spec
  ➕ 그룹 변이: 새 spec 추가 (점수: 0)
  📊 새로운 후보 그룹: 6개
  ⚖️ 후보 그룹 평가 중...
    그룹 1/6: 14개 spec 평가 중...
    그룹 2/6: 17개 spec 평가 중...
    그룹 3/6: 17개 spec 평가 중...
    그룹 4/6: 17개 spec 평가 중...
    그룹 5/6: 18개 spec 평가 중...
    그룹 6/6: 14개 spec 평가 중...
  📊 Gen 1: best_score=93.0, archive_size=13

🚀 Generation 3/5
============================================================
  🧬 선택된 부모 그룹: 6개
  🔄 교배 및 변이 중...
    🔍 필터링 결과: 15줄 → 15개 RFC2119 spec
  ➕ 그룹 변이: 새 spec 추가 (점수: 0)
    🔍 필터링 결과: 15줄 → 15개 RFC2119 spec
  🔄 그룹 변이: spec 개선 (0 → 0)
  📊 새로운 후보 그룹: 6개
  ⚖️ 후보 그룹 평가 중...
    그룹 1/6: 14개 spec 평가 중...
    그룹 2/6: 18개 spec 평가 중...
    그룹 3/6: 17개 spec 평가 중...
    그룹 4/6: 14개 spec 평가 중...
    그룹 5/6: 13개 spec 평가 중...
    그룹 6/6: 18개 spec 평가 중...
  📊 Gen 2: best_score=93.0, archive_size=19

🚀 Generation 4/5
============================================================
  🧬 선택된 부모 그룹: 6개
  🔄 교배 및 변이 중...
    🔍 필터링 결과: 15줄 → 15개 RFC2119 spec
  ➕ 그룹 변이: 새 spec 추가 (점수: 0)
  📊 새로운 후보 그룹: 6개
  ⚖️ 후보 그룹 평가 중...
    그룹 1/6: 14개 spec 평가 중...
    그룹 2/6: 17개 spec 평가 중...
    그룹 3/6: 17개 spec 평가 중...
    그룹 4/6: 17개 spec 평가 중...
    그룹 5/6: 18개 spec 평가 중...
    그룹 6/6: 19개 spec 평가 중...
  📊 Gen 3: best_score=93.0, archive_size=25

🚀 Generation 5/5
============================================================
  🧬 선택된 부모 그룹: 6개
  🔄 교배 및 변이 중...
    🔍 필터링 결과: 15줄 → 15개 RFC2119 spec
  ➕ 그룹 변이: 새 spec 추가 (점수: 0)
  📊 새로운 후보 그룹: 6개
  ⚖️ 후보 그룹 평가 중...
    그룹 1/6: 14개 spec 평가 중...
    그룹 2/6: 18개 spec 평가 중...
    그룹 3/6: 19개 spec 평가 중...
    그룹 4/6: 13개 spec 평가 중...
    그룹 5/6: 14개 spec 평가 중...
    그룹 6/6: 17개 spec 평가 중...
  📊 Gen 4: best_score=93.0, archive_size=31

✅ 집단 진화 완료! 결과: final_spec_ver1/Legal_and_Regulatory/Legal_and_Regulatory_Image_Generation
  🏆 Image Generation 진화 완료! 총 31개 그룹 생성
     그룹 점수: 93/100
     그룹 크기: 17개 spec

🎯 태스크 'Text Generation' 그룹 진화 시작
🚀 기존 archive에서 집단 기반 정책 셋 생성: Legal_and_Regulatory_Text Generation
  📊 기존 archive 크기: 44개 spec
  🎯 목표 그룹 크기: 10-20 (target: 5)
  📈 최고 점수: 80

🧬 기존 archive로부터 초기 집단 생성 중...
  🎲 랜덤 샘플링으로 3개 그룹 생성 (평균 크기: 14.7)
  ⚖️ 초기 집단 평가 중... (3개 그룹)
    그룹 1/3: 16개 spec 평가 중...
    그룹 2/3: 16개 spec 평가 중...
    그룹 3/3: 12개 spec 평가 중...
  📊 초기 그룹: 3개

🚀 Generation 1/5
============================================================
  🧬 선택된 부모 그룹: 3개
  🔄 교배 및 변이 중...
    🔍 필터링 결과: 15줄 → 15개 RFC2119 spec
  ➕ 그룹 변이: 새 spec 추가 (점수: 0)
    🔍 필터링 결과: 15줄 → 15개 RFC2119 spec
  ➕ 그룹 변이: 새 spec 추가 (점수: 0)
  📊 새로운 후보 그룹: 4개
  ⚖️ 후보 그룹 평가 중...
    그룹 1/4: 16개 spec 평가 중...
    그룹 2/4: 16개 spec 평가 중...
    그룹 3/4: 13개 spec 평가 중...
    그룹 4/4: 17개 spec 평가 중...
  📊 Gen 0: best_score=93.0, archive_size=7

🚀 Generation 2/5
============================================================
  🧬 선택된 부모 그룹: 6개
  🔄 교배 및 변이 중...
    🔍 필터링 결과: 15줄 → 15개 RFC2119 spec
  ➕ 그룹 변이: 새 spec 추가 (점수: 0)
    🔍 필터링 결과: 15줄 → 15개 RFC2119 spec
  ➕ 그룹 변이: 새 spec 추가 (점수: 0)
    🔍 필터링 결과: 15줄 → 15개 RFC2119 spec
  🔄 그룹 변이: spec 개선 (72 → 0)
  📊 새로운 후보 그룹: 6개
  ⚖️ 후보 그룹 평가 중...
    그룹 1/6: 17개 spec 평가 중...
    그룹 2/6: 13개 spec 평가 중...
    그룹 3/6: 18개 spec 평가 중...
    그룹 4/6: 16개 spec 평가 중...
    그룹 5/6: 16개 spec 평가 중...
    그룹 6/6: 16개 spec 평가 중...
  📊 Gen 1: best_score=93.0, archive_size=13

🚀 Generation 3/5
============================================================
  🧬 선택된 부모 그룹: 6개
  🔄 교배 및 변이 중...
    🔍 필터링 결과: 15줄 → 15개 RFC2119 spec
  ➕ 그룹 변이: 새 spec 추가 (점수: 0)
    🔍 필터링 결과: 15줄 → 15개 RFC2119 spec
  ➕ 그룹 변이: 새 spec 추가 (점수: 0)
    🔍 필터링 결과: 15줄 → 15개 RFC2119 spec
  🔄 그룹 변이: spec 개선 (0 → 0)
  📊 새로운 후보 그룹: 6개
  ⚖️ 후보 그룹 평가 중...
    그룹 1/6: 12개 spec 평가 중...
    그룹 2/6: 17개 spec 평가 중...
    그룹 3/6: 17개 spec 평가 중...
    그룹 4/6: 16개 spec 평가 중...
    그룹 5/6: 13개 spec 평가 중...
    그룹 6/6: 16개 spec 평가 중...
  📊 Gen 2: best_score=93.0, archive_size=19

🚀 Generation 4/5
============================================================
  🧬 선택된 부모 그룹: 6개
  🔄 교배 및 변이 중...
    🔍 필터링 결과: 13줄 → 13개 RFC2119 spec
  🔄 그룹 변이: spec 개선 (64 → 0)
    🔍 필터링 결과: 15줄 → 15개 RFC2119 spec
  🔄 그룹 변이: spec 개선 (0 → 0)
  📊 새로운 후보 그룹: 6개
  ⚖️ 후보 그룹 평가 중...
    그룹 1/6: 12개 spec 평가 중...
    그룹 2/6: 12개 spec 평가 중...
    그룹 3/6: 13개 spec 평가 중...
    그룹 4/6: 16개 spec 평가 중...
    그룹 5/6: 17개 spec 평가 중...
    그룹 6/6: 16개 spec 평가 중...
  📊 Gen 3: best_score=93.0, archive_size=25

🚀 Generation 5/5
============================================================
  🧬 선택된 부모 그룹: 6개
  🔄 교배 및 변이 중...
    🔍 필터링 결과: 15줄 → 15개 RFC2119 spec
  ➕ 그룹 변이: 새 spec 추가 (점수: 0)
    🔍 필터링 결과: 15줄 → 15개 RFC2119 spec
  🔄 그룹 변이: spec 개선 (64 → 0)
  📊 새로운 후보 그룹: 6개
  ⚖️ 후보 그룹 평가 중...
    그룹 1/6: 17개 spec 평가 중...
    그룹 2/6: 13개 spec 평가 중...
    그룹 3/6: 18개 spec 평가 중...
    그룹 4/6: 16개 spec 평가 중...
    그룹 5/6: 12개 spec 평가 중...
    그룹 6/6: 16개 spec 평가 중...
  📊 Gen 4: best_score=93.0, archive_size=31

✅ 집단 진화 완료! 결과: final_spec_ver1/Legal_and_Regulatory/Legal_and_Regulatory_Text_Generation
  🏆 Text Generation 진화 완료! 총 31개 그룹 생성
     그룹 점수: 93/100
     그룹 크기: 16개 spec

🎯 태스크 'Analysis & Reasoning' 그룹 진화 시작
🚀 기존 archive에서 집단 기반 정책 셋 생성: Legal_and_Regulatory_Analysis & Reasoning
  📊 기존 archive 크기: 46개 spec
  🎯 목표 그룹 크기: 10-20 (target: 5)
  📈 최고 점수: 75

🧬 기존 archive로부터 초기 집단 생성 중...
  🎲 랜덤 샘플링으로 3개 그룹 생성 (평균 크기: 15.3)
  ⚖️ 초기 집단 평가 중... (3개 그룹)
    그룹 1/3: 18개 spec 평가 중...
    그룹 2/3: 18개 spec 평가 중...
    그룹 3/3: 10개 spec 평가 중...
  📊 초기 그룹: 3개

🚀 Generation 1/5
============================================================
  🧬 선택된 부모 그룹: 3개
  🔄 교배 및 변이 중...
    🔍 필터링 결과: 15줄 → 15개 RFC2119 spec
  🔄 그룹 변이: spec 개선 (61 → 0)
  📊 새로운 후보 그룹: 4개
  ⚖️ 후보 그룹 평가 중...
    그룹 1/4: 18개 spec 평가 중...
    그룹 2/4: 18개 spec 평가 중...
    그룹 3/4: 10개 spec 평가 중...
    그룹 4/4: 18개 spec 평가 중...
  📊 Gen 0: best_score=93.0, archive_size=7

🚀 Generation 2/5
============================================================
  🧬 선택된 부모 그룹: 6개
  🔄 교배 및 변이 중...
    🔍 필터링 결과: 15줄 → 15개 RFC2119 spec
  ➕ 그룹 변이: 새 spec 추가 (점수: 0)
    🔍 필터링 결과: 15줄 → 15개 RFC2119 spec
  🔄 그룹 변이: spec 개선 (65 → 0)
    🔍 필터링 결과: 15줄 → 15개 RFC2119 spec
  ➕ 그룹 변이: 새 spec 추가 (점수: 0)
  📊 새로운 후보 그룹: 6개
  ⚖️ 후보 그룹 평가 중...
    그룹 1/6: 18개 spec 평가 중...
    그룹 2/6: 19개 spec 평가 중...
    그룹 3/6: 18개 spec 평가 중...
    그룹 4/6: 10개 spec 평가 중...
    그룹 5/6: 18개 spec 평가 중...
    그룹 6/6: 11개 spec 평가 중...
  📊 Gen 1: best_score=94.0, archive_size=13

🚀 Generation 3/5
============================================================
  🧬 선택된 부모 그룹: 6개
  🔄 교배 및 변이 중...
    🔍 필터링 결과: 15줄 → 15개 RFC2119 spec
  ➕ 그룹 변이: 새 spec 추가 (점수: 0)
    🔍 필터링 결과: 15줄 → 15개 RFC2119 spec
  ➕ 그룹 변이: 새 spec 추가 (점수: 0)
  📊 새로운 후보 그룹: 6개
  ⚖️ 후보 그룹 평가 중...
    그룹 1/6: 18개 spec 평가 중...
    그룹 2/6: 19개 spec 평가 중...
    그룹 3/6: 18개 spec 평가 중...
    그룹 4/6: 18개 spec 평가 중...
    그룹 5/6: 11개 spec 평가 중...
    그룹 6/6: 18개 spec 평가 중...
  📊 Gen 2: best_score=94.0, archive_size=19

🚀 Generation 4/5
============================================================
  🧬 선택된 부모 그룹: 6개
  🔄 교배 및 변이 중...
    🔍 필터링 결과: 15줄 → 15개 RFC2119 spec
  🔄 그룹 변이: spec 개선 (0 → 0)
    🔍 필터링 결과: 15줄 → 15개 RFC2119 spec
  ➕ 그룹 변이: 새 spec 추가 (점수: 0)
  📊 새로운 후보 그룹: 6개
  ⚖️ 후보 그룹 평가 중...
    그룹 1/6: 18개 spec 평가 중...
    그룹 2/6: 19개 spec 평가 중...
    그룹 3/6: 10개 spec 평가 중...
    그룹 4/6: 18개 spec 평가 중...
    그룹 5/6: 19개 spec 평가 중...
    그룹 6/6: 19개 spec 평가 중...
  📊 Gen 3: best_score=94.0, archive_size=25

🚀 Generation 5/5
============================================================
  🧬 선택된 부모 그룹: 6개
  🔄 교배 및 변이 중...
    🔍 필터링 결과: 15줄 → 15개 RFC2119 spec
  ➕ 그룹 변이: 새 spec 추가 (점수: 0)
    🔍 필터링 결과: 15줄 → 15개 RFC2119 spec
  ➕ 그룹 변이: 새 spec 추가 (점수: 0)
  📊 새로운 후보 그룹: 6개
  ⚖️ 후보 그룹 평가 중...
    그룹 1/6: 18개 spec 평가 중...
    그룹 2/6: 19개 spec 평가 중...
    그룹 3/6: 18개 spec 평가 중...
    그룹 4/6: 19개 spec 평가 중...
    그룹 5/6: 18개 spec 평가 중...
    그룹 6/6: 19개 spec 평가 중...
  📊 Gen 4: best_score=94.0, archive_size=31

✅ 집단 진화 완료! 결과: final_spec_ver1/Legal_and_Regulatory/Legal_and_Regulatory_Analysis_and_Reasoning
  🏆 Analysis & Reasoning 진화 완료! 총 31개 그룹 생성
     그룹 점수: 94/100
     그룹 크기: 10개 spec

🎯 태스크 'Communication' 그룹 진화 시작
🚀 기존 archive에서 집단 기반 정책 셋 생성: Legal_and_Regulatory_Communication
  📊 기존 archive 크기: 42개 spec
  🎯 목표 그룹 크기: 10-20 (target: 5)
  📈 최고 점수: 77

🧬 기존 archive로부터 초기 집단 생성 중...
  🎲 랜덤 샘플링으로 3개 그룹 생성 (평균 크기: 14.0)
  ⚖️ 초기 집단 평가 중... (3개 그룹)
    그룹 1/3: 15개 spec 평가 중...
    그룹 2/3: 15개 spec 평가 중...
    그룹 3/3: 12개 spec 평가 중...
  📊 초기 그룹: 3개

🚀 Generation 1/5
============================================================
  🧬 선택된 부모 그룹: 3개
  🔄 교배 및 변이 중...
    🔍 필터링 결과: 15줄 → 15개 RFC2119 spec
  ➕ 그룹 변이: 새 spec 추가 (점수: 0)
  📊 새로운 후보 그룹: 4개
  ⚖️ 후보 그룹 평가 중...
    그룹 1/4: 16개 spec 평가 중...
    그룹 2/4: 12개 spec 평가 중...
    그룹 3/4: 15개 spec 평가 중...
    그룹 4/4: 15개 spec 평가 중...
  📊 Gen 0: best_score=94.0, archive_size=7

🚀 Generation 2/5
============================================================
  🧬 선택된 부모 그룹: 6개
  🔄 교배 및 변이 중...
    🔍 필터링 결과: 15줄 → 15개 RFC2119 spec
  ➕ 그룹 변이: 새 spec 추가 (점수: 0)
    🔍 필터링 결과: 15줄 → 15개 RFC2119 spec
  ➕ 그룹 변이: 새 spec 추가 (점수: 0)
  📊 새로운 후보 그룹: 6개
  ⚖️ 후보 그룹 평가 중...
    그룹 1/6: 15개 spec 평가 중...
    그룹 2/6: 15개 spec 평가 중...
    그룹 3/6: 16개 spec 평가 중...
    그룹 4/6: 16개 spec 평가 중...
    그룹 5/6: 12개 spec 평가 중...
    그룹 6/6: 16개 spec 평가 중...
  📊 Gen 1: best_score=94.0, archive_size=13

🚀 Generation 3/5
============================================================
  🧬 선택된 부모 그룹: 6개
  🔄 교배 및 변이 중...
    🔍 필터링 결과: 15줄 → 15개 RFC2119 spec
  ➕ 그룹 변이: 새 spec 추가 (점수: 0)
    🔍 필터링 결과: 15줄 → 15개 RFC2119 spec
  ➕ 그룹 변이: 새 spec 추가 (점수: 0)
    🔍 필터링 결과: 15줄 → 15개 RFC2119 spec
  ➕ 그룹 변이: 새 spec 추가 (점수: 0)
    🔍 필터링 결과: 15줄 → 15개 RFC2119 spec
  ➕ 그룹 변이: 새 spec 추가 (점수: 0)
  📊 새로운 후보 그룹: 6개
  ⚖️ 후보 그룹 평가 중...
    그룹 1/6: 16개 spec 평가 중...
    그룹 2/6: 17개 spec 평가 중...
    그룹 3/6: 16개 spec 평가 중...
    그룹 4/6: 16개 spec 평가 중...
    그룹 5/6: 12개 spec 평가 중...
    그룹 6/6: 12개 spec 평가 중...
  📊 Gen 2: best_score=94.0, archive_size=19

🚀 Generation 4/5
============================================================
  🧬 선택된 부모 그룹: 6개
  🔄 교배 및 변이 중...
    🔍 필터링 결과: 15줄 → 15개 RFC2119 spec
  ➕ 그룹 변이: 새 spec 추가 (점수: 0)
    🔍 필터링 결과: 15줄 → 15개 RFC2119 spec
  ➕ 그룹 변이: 새 spec 추가 (점수: 0)
  📊 새로운 후보 그룹: 6개
  ⚖️ 후보 그룹 평가 중...
    그룹 1/6: 16개 spec 평가 중...
    그룹 2/6: 15개 spec 평가 중...
    그룹 3/6: 12개 spec 평가 중...
    그룹 4/6: 17개 spec 평가 중...
    그룹 5/6: 15개 spec 평가 중...
    그룹 6/6: 16개 spec 평가 중...
  📊 Gen 3: best_score=94.0, archive_size=25

🚀 Generation 5/5
============================================================
  🧬 선택된 부모 그룹: 6개
  🔄 교배 및 변이 중...
    🔍 필터링 결과: 15줄 → 15개 RFC2119 spec
  ➕ 그룹 변이: 새 spec 추가 (점수: 0)
    🔍 필터링 결과: 15줄 → 15개 RFC2119 spec
  ➕ 그룹 변이: 새 spec 추가 (점수: 0)
  📊 새로운 후보 그룹: 6개
  ⚖️ 후보 그룹 평가 중...
    그룹 1/6: 16개 spec 평가 중...
    그룹 2/6: 16개 spec 평가 중...
    그룹 3/6: 17개 spec 평가 중...
    그룹 4/6: 17개 spec 평가 중...
    그룹 5/6: 16개 spec 평가 중...
    그룹 6/6: 17개 spec 평가 중...
  📊 Gen 4: best_score=94.0, archive_size=31

✅ 집단 진화 완료! 결과: final_spec_ver1/Legal_and_Regulatory/Legal_and_Regulatory_Communication
  🏆 Communication 진화 완료! 총 31개 그룹 생성
     그룹 점수: 94/100
     그룹 크기: 12개 spec

✅ 도메인 'Legal_and_Regulatory'의 모든 태스크 그룹 진화 완료!
